<?xml version="1.0" encoding="UTF-8"?>
<robot generator="Robot 7.1.1 (Python 3.13.2 on win32)" generated="2025-03-08T20:37:07.681042" rpa="false" schemaversion="5">
<suite id="s1" name="Quality-Eagles Jamile" source="c:\git\QaCoders\Robot\Quality-Eagles_Jamile.robot">
<test id="s1-t1" name="TC21- Listagem de usuário por id com sucesso" line="228">
<kw name="Cadastro Sucesso">
<kw name="Get Fake Person" owner="get_fake_person">
<msg time="2025-03-08T20:37:08.871435" level="INFO">${person} = {'name': 'Caue Souza', 'email': 'yuricampos@example.com', 'cpf': '26891735068'}</msg>
<var>${person}</var>
<doc>Gera dados de pessoa fictícia com formatação adequada.</doc>
<status status="PASS" start="2025-03-08T20:37:08.870728" elapsed="0.005564"/>
</kw>
<kw name="Criar usuario">
<kw name="Create Dictionary" owner="BuiltIn">
<msg time="2025-03-08T20:37:08.879596" level="INFO">${headers} = {'accept': 'application/json', 'Content-Type': 'application/json'}</msg>
<var>${headers}</var>
<arg>accept=application/json</arg>
<arg>Content-Type=application/json</arg>
<doc>Creates and returns a dictionary based on the given ``items``.</doc>
<status status="PASS" start="2025-03-08T20:37:08.878540" elapsed="0.001332"/>
</kw>
<kw name="Create Dictionary" owner="BuiltIn">
<msg time="2025-03-08T20:37:08.880951" level="INFO">${body} = {'fullName': 'Caue Souza', 'mail': 'yuricampos@example.com', 'password': 'B6Dc#4d@SM6U', 'accessProfile': 'ADMIN', 'cpf': '26891735068', 'confirmPassword': 'B6Dc#4d@SM6U'}</msg>
<var>${body}</var>
<arg>fullName=${person}[name]</arg>
<arg>mail=${person}[email]</arg>
<arg>password=B6Dc#4d@SM6U</arg>
<arg>accessProfile=ADMIN</arg>
<arg>cpf=${person}[cpf]</arg>
<arg>confirmPassword=B6Dc#4d@SM6U</arg>
<doc>Creates and returns a dictionary based on the given ``items``.</doc>
<status status="PASS" start="2025-03-08T20:37:08.880247" elapsed="0.000899"/>
</kw>
<kw name="POST On Session" owner="RequestsLibrary">
<msg time="2025-03-08T20:37:08.883012" level="FAIL">Variable '${TOKEN_USER}' not found.</msg>
<var>${response}</var>
<arg>alias=quality-eagles</arg>
<arg>url=/${USER}/?token=${TOKEN_USER}</arg>
<arg>json=${body}</arg>
<arg>expected_status=500</arg>
<doc>Sends a POST request on a previously created HTTP Session.</doc>
<status status="FAIL" start="2025-03-08T20:37:08.881457" elapsed="0.010140">Variable '${TOKEN_USER}' not found.</status>
</kw>
<return>
<value>${response}</value>
<status status="NOT RUN" start="2025-03-08T20:37:08.892109" elapsed="0.000169"/>
</return>
<var>${id_user}</var>
<arg>${person}</arg>
<doc>Criar um usuário com dados aleatórios</doc>
<status status="FAIL" start="2025-03-08T20:37:08.877178" elapsed="0.015459">Variable '${TOKEN_USER}' not found.</status>
</kw>
<return>
<value>${id_user}</value>
<status status="NOT RUN" start="2025-03-08T20:37:08.892899" elapsed="0.000169"/>
</return>
<var>${response}</var>
<status status="FAIL" start="2025-03-08T20:37:08.869043" elapsed="0.024332">Variable '${TOKEN_USER}' not found.</status>
</kw>
<kw name="Set Variable" owner="BuiltIn">
<var>${user_id}</var>
<arg>${response.json()["user"]["_id"]}</arg>
<doc>Returns the given values which can then be assigned to a variables.</doc>
<status status="NOT RUN" start="2025-03-08T20:37:08.895112" elapsed="0.000316"/>
</kw>
<kw name="Listar usuario por id">
<var>${response}</var>
<arg>${user_id}</arg>
<status status="NOT RUN" start="2025-03-08T20:37:08.896701" elapsed="0.000378"/>
</kw>
<kw name="Should Be Equal As Strings" owner="BuiltIn">
<arg>${response.status_code}</arg>
<arg>200</arg>
<doc>Fails if objects are unequal after converting them to strings.</doc>
<status status="NOT RUN" start="2025-03-08T20:37:08.897866" elapsed="0.000176"/>
</kw>
<kw name="Set Variable" owner="BuiltIn">
<var>${user_list}</var>
<arg>${response.json()}</arg>
<doc>Returns the given values which can then be assigned to a variables.</doc>
<status status="NOT RUN" start="2025-03-08T20:37:08.899417" elapsed="0.000504"/>
</kw>
<kw name="Should Be True" owner="BuiltIn">
<arg>isinstance(${user_list}, dict)</arg>
<doc>Fails if the given condition is not true.</doc>
<status status="NOT RUN" start="2025-03-08T20:37:08.901271" elapsed="0.000167"/>
</kw>
<kw name="Dictionary Should Contain Key" owner="Collections">
<arg>${user_list}</arg>
<arg>fullName</arg>
<doc>Fails if ``key`` is not found from ``dictionary``.</doc>
<status status="NOT RUN" start="2025-03-08T20:37:08.902339" elapsed="0.000234"/>
</kw>
<kw name="Dictionary Should Contain Key" owner="Collections">
<arg>${user_list}</arg>
<arg>mail</arg>
<doc>Fails if ``key`` is not found from ``dictionary``.</doc>
<status status="NOT RUN" start="2025-03-08T20:37:08.903503" elapsed="0.000165"/>
</kw>
<kw name="Dictionary Should Contain Key" owner="Collections">
<arg>${user_list}</arg>
<arg>cpf</arg>
<doc>Fails if ``key`` is not found from ``dictionary``.</doc>
<status status="NOT RUN" start="2025-03-08T20:37:08.904171" elapsed="0.000150"/>
</kw>
<doc>Realizar a busca de um usuário pelo seu id</doc>
<status status="FAIL" start="2025-03-08T20:37:08.867329" elapsed="0.037796">Variable '${TOKEN_USER}' not found.</status>
</test>
<doc>Configurações iniciais do projeto</doc>
<status status="FAIL" start="2025-03-08T20:37:07.710711" elapsed="1.196917"/>
</suite>
<statistics>
<total>
<stat pass="0" fail="1" skip="0">All Tests</stat>
</total>
<tag>
</tag>
<suite>
<stat pass="0" fail="1" skip="0" id="s1" name="Quality-Eagles Jamile">Quality-Eagles Jamile</stat>
</suite>
</statistics>
<errors>
</errors>
</robot>
