<?xml version="1.0" encoding="UTF-8"?>
<robot generator="Robot 7.1.1 (Python 3.13.2 on win32)" generated="2025-03-08T23:43:18.715238" rpa="false" schemaversion="5">
<suite id="s1" name="Quality-Eagles Jamile" source="C:\git\QaCoders\Robot\Quality-Eagles_Jamile.robot">
<test id="s1-t1" name="TC01 - Realizar login com sucesso Admin" line="45">
<kw name="Realizar login">
<kw name="Create Dictionary" owner="BuiltIn">
<msg time="2025-03-08T23:43:19.908011" level="INFO">${body} = {'mail': 'sysadmin@qacoders.com', 'password': '1234@Test'}</msg>
<var>${body}</var>
<arg>mail=${email}</arg>
<arg>password=${senha}</arg>
<doc>Creates and returns a dictionary based on the given ``items``.</doc>
<status status="PASS" start="2025-03-08T23:43:19.907530" elapsed="0.000533"/>
</kw>
<kw name="Criar sessao">
<kw name="Create Dictionary" owner="BuiltIn">
<msg time="2025-03-08T23:43:19.908995" level="INFO">${headers} = {'accept': 'application/json', 'Content-Type': 'application/json'}</msg>
<var>${headers}</var>
<arg>accept=application/json</arg>
<arg>Content-Type=application/json</arg>
<doc>Creates and returns a dictionary based on the given ``items``.</doc>
<status status="PASS" start="2025-03-08T23:43:19.908688" elapsed="0.000368"/>
</kw>
<kw name="Create Session" owner="RequestsLibrary">
<msg time="2025-03-08T23:43:19.909857" level="INFO">Creating Session using : alias=quality-eagles, url=https://quality-eagles.qacoders.dev.br/api, headers={'accept': 'application/json', 'Content-Type': 'application/json'},                     cookies={}, auth=None, timeout=None, proxies=None, verify=True,                     debug=0 </msg>
<arg>alias=quality-eagles</arg>
<arg>url=${BASE_URL}</arg>
<arg>headers=${headers}</arg>
<arg>verify=true</arg>
<doc>Create Session: create a HTTP session to a server</doc>
<status status="PASS" start="2025-03-08T23:43:19.909235" elapsed="0.000902"/>
</kw>
<doc>Criação de sessão inicial pra usar nas próximas requests</doc>
<status status="PASS" start="2025-03-08T23:43:19.908359" elapsed="0.001903"/>
</kw>
<kw name="POST On Session" owner="RequestsLibrary">
<msg time="2025-03-08T23:43:23.155110" level="INFO">POST Request : url=https://quality-eagles.qacoders.dev.br/api/login 
 path_url=/api/login 
 headers={'User-Agent': 'python-requests/2.32.3', 'Accept-Encoding': 'gzip, deflate', 'accept': 'application/json', 'Connection': 'keep-alive', 'Content-Type': 'application/json', 'Content-Length': '58'} 
 body=b'{"mail": "sysadmin@qacoders.com", "password": "1234@Test"}' 
 </msg>
<msg time="2025-03-08T23:43:23.155274" level="INFO">POST Response : url=https://quality-eagles.qacoders.dev.br/api/login 
 status=200, reason=OK 
 headers={'Server': 'nginx/1.18.0 (Ubuntu)', 'Date': 'Sun, 09 Mar 2025 02:42:43 GMT', 'Content-Type': 'application/json; charset=utf-8', 'Transfer-Encoding': 'chunked', 'Connection': 'keep-alive', 'X-Powered-By': 'Express', 'Access-Control-Allow-Origin': '*', 'ETag': 'W/"534-40RyCPa8hXUy9QiQF2pcg0mMMfA"', 'Content-Encoding': 'gzip'} 
 body={"msg":"Olá Qa-Coders-SYSADMIN, autenticação autorizada com sucesso!","user":{"_id":"66db5e40e5a0015634f137e6","fullName":"Qa-Coders-SYSADMIN","mail":"sysadmin@qacoders.com","password":"$2b$10$jpalDaYRV.BZSVwj3LOa/.CaqX/BMQszQf47CfjzubAO5kEp6jp6K","accessProfile":"SYSADMIN","cpf":"11111111111","status":true,"audit":[{"registeredBy":{"userId":"111111111111111111","userLogin":"sysadmin@qacoders.com"},"registrationDate":"sexta-feira, 06/09/2024, 16:55:44 BRT","registrationNumber":"01","companyId":"Qa.Coders","_id":"66db5e40e5a0015634f137e7"}],"__v":0},"token":"eyJhbGciOiJIUzI1NiIsInR5cCI6IkpXVCJ9.eyJfaWQiOiI2NmRiNWU0MGU1YTAwMTU2MzRmMTM3ZTYiLCJmdWxsTmFtZSI6IlFhLUNvZGVycy1TWVNBRE1JTiIsIm1haWwiOiJzeXNhZG1pbkBxYWNvZGVycy5jb20iLCJwYXNzd29yZCI6IiQyYiQxMCRqcGFsRGFZUlYuQlpTVndqM0xPYS8uQ2FxWC9CTVFzelFmNDdDZmp6dWJBTzVrRXA2anA2SyIsImFjY2Vzc1Byb2ZpbGUiOiJTWVNBRE1JTiIsImNwZiI6IjExMTExMTExMTExIiwic3RhdHVzIjp0cnVlLCJhdWRpdCI6W3sicmVnaXN0ZXJlZEJ5Ijp7InVzZXJJZCI6IjExMTExMTExMTExMTExMTExMSIsInVzZXJMb2dpbiI6InN5c2FkbWluQHFhY29kZXJzLmNvbSJ9LCJyZWdpc3RyYXRpb25EYXRlIjoic2V4dGEtZmVpcmEsIDA2LzA5LzIwMjQsIDE2OjU1OjQ0IEJSVCIsInJlZ2lzdHJhdGlvbk51bWJlciI6IjAxIiwiY29tcGFueUlkIjoiUWEuQ29kZXJzIiwiX2lkIjoiNjZkYjVlNDBlNWEwMDE1NjM0ZjEzN2U3In1dLCJfX3YiOjAsImlhdCI6MTc0MTQ4ODE2MywiZXhwIjoxNzQxNTc0NTYzfQ.E2LTWgx_LNtvokAdY6BhG3vxQ2O142T02sgIpfjBMIE"} 
 </msg>
<msg time="2025-03-08T23:43:23.155450" level="INFO">${response} = &lt;Response [200]&gt;</msg>
<var>${response}</var>
<arg>alias=quality-eagles</arg>
<arg>expected_status=any</arg>
<arg>url=${LOGIN}</arg>
<arg>json=${body}</arg>
<doc>Sends a POST request on a previously created HTTP Session.</doc>
<status status="PASS" start="2025-03-08T23:43:19.910516" elapsed="3.244973"/>
</kw>
<return>
<value>${response}</value>
<status status="PASS" start="2025-03-08T23:43:23.155602" elapsed="0.000066"/>
</return>
<msg time="2025-03-08T23:43:23.155872" level="INFO">${response} = &lt;Response [200]&gt;</msg>
<var>${response}</var>
<arg>email=${MAIL_ADMIN}</arg>
<arg>senha=${PASSWORD_ADMIN}</arg>
<doc>Realizar Login</doc>
<status status="PASS" start="2025-03-08T23:43:19.906393" elapsed="3.249514"/>
</kw>
<kw name="Set Global Variable" owner="BuiltIn">
<msg time="2025-03-08T23:43:23.158236" level="INFO">${TOKEN_ADMIN} = eyJhbGciOiJIUzI1NiIsInR5cCI6IkpXVCJ9.eyJfaWQiOiI2NmRiNWU0MGU1YTAwMTU2MzRmMTM3ZTYiLCJmdWxsTmFtZSI6IlFhLUNvZGVycy1TWVNBRE1JTiIsIm1haWwiOiJzeXNhZG1pbkBxYWNvZGVycy5jb20iLCJwYXNzd29yZCI6IiQyYiQxMCRqcGFsRGF...</msg>
<arg>${TOKEN_ADMIN}</arg>
<arg>${response.json()["token"]}</arg>
<doc>Makes a variable available globally in all tests and suites.</doc>
<status status="PASS" start="2025-03-08T23:43:23.156271" elapsed="0.002033"/>
</kw>
<kw name="Status Should Be" owner="RequestsLibrary">
<arg>200</arg>
<arg>${response}</arg>
<doc>Fails if response status code is different than the expected.</doc>
<status status="PASS" start="2025-03-08T23:43:23.158743" elapsed="0.000283"/>
</kw>
<kw name="Dictionary Should Contain Key" owner="Collections">
<arg>${response.json()}</arg>
<arg>token</arg>
<doc>Fails if ``key`` is not found from ``dictionary``.</doc>
<status status="PASS" start="2025-03-08T23:43:23.159280" elapsed="0.000733"/>
</kw>
<kw name="Should Be Equal As Strings" owner="BuiltIn">
<arg>${MAIL_ADMIN}</arg>
<arg>${response.json()["user"]["mail"]}</arg>
<doc>Fails if objects are unequal after converting them to strings.</doc>
<status status="PASS" start="2025-03-08T23:43:23.160266" elapsed="0.000697"/>
</kw>
<doc>Realizar login de Admin com sucesso</doc>
<status status="PASS" start="2025-03-08T23:43:19.905358" elapsed="3.255858"/>
</test>
<test id="s1-t2" name="TC02 - Realizar login com sucesso User" line="55">
<kw name="Realizar login">
<kw name="Create Dictionary" owner="BuiltIn">
<msg time="2025-03-08T23:43:23.164273" level="INFO">${body} = {'mail': 'costadavi-lucca@example.com', 'password': 'B6Dc#4d@SM6U'}</msg>
<var>${body}</var>
<arg>mail=${email}</arg>
<arg>password=${senha}</arg>
<doc>Creates and returns a dictionary based on the given ``items``.</doc>
<status status="PASS" start="2025-03-08T23:43:23.163839" elapsed="0.000482"/>
</kw>
<kw name="Criar sessao">
<kw name="Create Dictionary" owner="BuiltIn">
<msg time="2025-03-08T23:43:23.165023" level="INFO">${headers} = {'accept': 'application/json', 'Content-Type': 'application/json'}</msg>
<var>${headers}</var>
<arg>accept=application/json</arg>
<arg>Content-Type=application/json</arg>
<doc>Creates and returns a dictionary based on the given ``items``.</doc>
<status status="PASS" start="2025-03-08T23:43:23.164800" elapsed="0.000260"/>
</kw>
<kw name="Create Session" owner="RequestsLibrary">
<msg time="2025-03-08T23:43:23.165533" level="INFO">Creating Session using : alias=quality-eagles, url=https://quality-eagles.qacoders.dev.br/api, headers={'accept': 'application/json', 'Content-Type': 'application/json'},                     cookies={}, auth=None, timeout=None, proxies=None, verify=True,                     debug=0 </msg>
<arg>alias=quality-eagles</arg>
<arg>url=${BASE_URL}</arg>
<arg>headers=${headers}</arg>
<arg>verify=true</arg>
<doc>Create Session: create a HTTP session to a server</doc>
<status status="PASS" start="2025-03-08T23:43:23.165214" elapsed="0.000522"/>
</kw>
<doc>Criação de sessão inicial pra usar nas próximas requests</doc>
<status status="PASS" start="2025-03-08T23:43:23.164517" elapsed="0.001520"/>
</kw>
<kw name="POST On Session" owner="RequestsLibrary">
<msg time="2025-03-08T23:43:23.301684" level="INFO">POST Request : url=https://quality-eagles.qacoders.dev.br/api/login 
 path_url=/api/login 
 headers={'User-Agent': 'python-requests/2.32.3', 'Accept-Encoding': 'gzip, deflate', 'accept': 'application/json', 'Connection': 'keep-alive', 'Content-Type': 'application/json', 'Content-Length': '67'} 
 body=b'{"mail": "costadavi-lucca@example.com", "password": "B6Dc#4d@SM6U"}' 
 </msg>
<msg time="2025-03-08T23:43:23.301805" level="INFO">POST Response : url=https://quality-eagles.qacoders.dev.br/api/login 
 status=200, reason=OK 
 headers={'Server': 'nginx/1.18.0 (Ubuntu)', 'Date': 'Sun, 09 Mar 2025 02:42:43 GMT', 'Content-Type': 'application/json; charset=utf-8', 'Transfer-Encoding': 'chunked', 'Connection': 'keep-alive', 'X-Powered-By': 'Express', 'Access-Control-Allow-Origin': '*', 'ETag': 'W/"523-XBUn5vPpLPK+hAuiUDOT6f3U2TU"', 'Content-Encoding': 'gzip'} 
 body={"msg":"Olá Caroline Novais, autenticação autorizada com sucesso!","user":{"_id":"67ca37a311d5ff7629626f90","fullName":"Caroline Novais","mail":"costadavi-lucca@example.com","password":"$2b$10$mM7qZ/Kylj16J3b8OXIhiunKmwDFhTVKSsKmdWR7nuJIEAX4U12Eq","accessProfile":"ADMIN","cpf":"45721309652","status":true,"audit":[{"registeredBy":{"userId":"66db5e40e5a0015634f137e6","userLogin":"sysadmin@qacoders.com"},"registrationDate":"quinta-feira, 06/03/2025, 21:02:43 BRT","registrationNumber":"QaCoders-2990","_id":"67ca37a311d5ff7629626f91"}],"__v":0},"token":"eyJhbGciOiJIUzI1NiIsInR5cCI6IkpXVCJ9.eyJfaWQiOiI2N2NhMzdhMzExZDVmZjc2Mjk2MjZmOTAiLCJmdWxsTmFtZSI6IkNhcm9saW5lIE5vdmFpcyIsIm1haWwiOiJjb3N0YWRhdmktbHVjY2FAZXhhbXBsZS5jb20iLCJwYXNzd29yZCI6IiQyYiQxMCRtTTdxWi9LeWxqMTZKM2I4T1hJaGl1bkttd0RGaFRWS1NzS21kV1I3bnVKSUVBWDRVMTJFcSIsImFjY2Vzc1Byb2ZpbGUiOiJBRE1JTiIsImNwZiI6IjQ1NzIxMzA5NjUyIiwic3RhdHVzIjp0cnVlLCJhdWRpdCI6W3sicmVnaXN0ZXJlZEJ5Ijp7InVzZXJJZCI6IjY2ZGI1ZTQwZTVhMDAxNTYzNGYxMzdlNiIsInVzZXJMb2dpbiI6InN5c2FkbWluQHFhY29kZXJzLmNvbSJ9LCJyZWdpc3RyYXRpb25EYXRlIjoicXVpbnRhLWZlaXJhLCAwNi8wMy8yMDI1LCAyMTowMjo0MyBCUlQiLCJyZWdpc3RyYXRpb25OdW1iZXIiOiJRYUNvZGVycy0yOTkwIiwiX2lkIjoiNjdjYTM3YTMxMWQ1ZmY3NjI5NjI2ZjkxIn1dLCJfX3YiOjAsImlhdCI6MTc0MTQ4ODE2MywiZXhwIjoxNzQxNTc0NTYzfQ.Rlx_Tzcqxb_UxsSWVaqwzRIFUw9TmKlBubnO4usdM2M"} 
 </msg>
<msg time="2025-03-08T23:43:23.301999" level="INFO">${response} = &lt;Response [200]&gt;</msg>
<var>${response}</var>
<arg>alias=quality-eagles</arg>
<arg>expected_status=any</arg>
<arg>url=${LOGIN}</arg>
<arg>json=${body}</arg>
<doc>Sends a POST request on a previously created HTTP Session.</doc>
<status status="PASS" start="2025-03-08T23:43:23.166181" elapsed="0.135857"/>
</kw>
<return>
<value>${response}</value>
<status status="PASS" start="2025-03-08T23:43:23.302147" elapsed="0.000063"/>
</return>
<msg time="2025-03-08T23:43:23.302402" level="INFO">${response} = &lt;Response [200]&gt;</msg>
<var>${response}</var>
<arg>email=${MAIL_USER}</arg>
<arg>senha=${PASSWORD_USER}</arg>
<doc>Realizar Login</doc>
<status status="PASS" start="2025-03-08T23:43:23.162877" elapsed="0.139562"/>
</kw>
<kw name="Set Global Variable" owner="BuiltIn">
<msg time="2025-03-08T23:43:23.304665" level="INFO">${TOKEN_USER} = eyJhbGciOiJIUzI1NiIsInR5cCI6IkpXVCJ9.eyJfaWQiOiI2N2NhMzdhMzExZDVmZjc2Mjk2MjZmOTAiLCJmdWxsTmFtZSI6IkNhcm9saW5lIE5vdmFpcyIsIm1haWwiOiJjb3N0YWRhdmktbHVjY2FAZXhhbXBsZS5jb20iLCJwYXNzd29yZCI6IiQyYiQxMCRtTTd...</msg>
<arg>${TOKEN_USER}</arg>
<arg>${response.json()["token"]}</arg>
<doc>Makes a variable available globally in all tests and suites.</doc>
<status status="PASS" start="2025-03-08T23:43:23.302812" elapsed="0.001917"/>
</kw>
<kw name="Status Should Be" owner="RequestsLibrary">
<arg>200</arg>
<arg>${response}</arg>
<doc>Fails if response status code is different than the expected.</doc>
<status status="PASS" start="2025-03-08T23:43:23.305004" elapsed="0.000225"/>
</kw>
<kw name="Log To Console" owner="BuiltIn">
<arg>${TOKEN_USER}</arg>
<doc>Logs the given message to the console.</doc>
<status status="PASS" start="2025-03-08T23:43:23.305484" elapsed="0.001089"/>
</kw>
<kw name="Should Be Equal As Strings" owner="BuiltIn">
<arg>${MAIL_USER}</arg>
<arg>${response.json()["user"]["mail"]}</arg>
<doc>Fails if objects are unequal after converting them to strings.</doc>
<status status="PASS" start="2025-03-08T23:43:23.306836" elapsed="0.000714"/>
</kw>
<doc>Realizar login de usuário com sucesso</doc>
<status status="PASS" start="2025-03-08T23:43:23.162131" elapsed="0.145668"/>
</test>
<test id="s1-t3" name="TC03 - Realizar login com senha inválida" line="64">
<kw name="Realizar login">
<kw name="Create Dictionary" owner="BuiltIn">
<msg time="2025-03-08T23:43:23.310286" level="INFO">${body} = {'mail': 'sysadmin@qacoders.com', 'password': '1234@Tes'}</msg>
<var>${body}</var>
<arg>mail=${email}</arg>
<arg>password=${senha}</arg>
<doc>Creates and returns a dictionary based on the given ``items``.</doc>
<status status="PASS" start="2025-03-08T23:43:23.309949" elapsed="0.000378"/>
</kw>
<kw name="Criar sessao">
<kw name="Create Dictionary" owner="BuiltIn">
<msg time="2025-03-08T23:43:23.311085" level="INFO">${headers} = {'accept': 'application/json', 'Content-Type': 'application/json'}</msg>
<var>${headers}</var>
<arg>accept=application/json</arg>
<arg>Content-Type=application/json</arg>
<doc>Creates and returns a dictionary based on the given ``items``.</doc>
<status status="PASS" start="2025-03-08T23:43:23.310870" elapsed="0.000252"/>
</kw>
<kw name="Create Session" owner="RequestsLibrary">
<msg time="2025-03-08T23:43:23.311583" level="INFO">Creating Session using : alias=quality-eagles, url=https://quality-eagles.qacoders.dev.br/api, headers={'accept': 'application/json', 'Content-Type': 'application/json'},                     cookies={}, auth=None, timeout=None, proxies=None, verify=True,                     debug=0 </msg>
<arg>alias=quality-eagles</arg>
<arg>url=${BASE_URL}</arg>
<arg>headers=${headers}</arg>
<arg>verify=true</arg>
<doc>Create Session: create a HTTP session to a server</doc>
<status status="PASS" start="2025-03-08T23:43:23.311275" elapsed="0.000498"/>
</kw>
<doc>Criação de sessão inicial pra usar nas próximas requests</doc>
<status status="PASS" start="2025-03-08T23:43:23.310539" elapsed="0.001331"/>
</kw>
<kw name="POST On Session" owner="RequestsLibrary">
<msg time="2025-03-08T23:43:23.446207" level="INFO">POST Request : url=https://quality-eagles.qacoders.dev.br/api/login 
 path_url=/api/login 
 headers={'User-Agent': 'python-requests/2.32.3', 'Accept-Encoding': 'gzip, deflate', 'accept': 'application/json', 'Connection': 'keep-alive', 'Content-Type': 'application/json', 'Content-Length': '57'} 
 body=b'{"mail": "sysadmin@qacoders.com", "password": "1234@Tes"}' 
 </msg>
<msg time="2025-03-08T23:43:23.446306" level="INFO">POST Response : url=https://quality-eagles.qacoders.dev.br/api/login 
 status=400, reason=Bad Request 
 headers={'Server': 'nginx/1.18.0 (Ubuntu)', 'Date': 'Sun, 09 Mar 2025 02:42:43 GMT', 'Content-Type': 'application/json; charset=utf-8', 'Content-Length': '55', 'Connection': 'keep-alive', 'X-Powered-By': 'Express', 'Access-Control-Allow-Origin': '*', 'ETag': 'W/"37-9q6p8iabt/LayQQx7+su7bYXDck"'} 
 body={"alert":"E-mail ou senha informados são inválidos."} 
 </msg>
<msg time="2025-03-08T23:43:23.446457" level="INFO">${response} = &lt;Response [400]&gt;</msg>
<var>${response}</var>
<arg>alias=quality-eagles</arg>
<arg>expected_status=any</arg>
<arg>url=${LOGIN}</arg>
<arg>json=${body}</arg>
<doc>Sends a POST request on a previously created HTTP Session.</doc>
<status status="PASS" start="2025-03-08T23:43:23.312010" elapsed="0.134486"/>
</kw>
<return>
<value>${response}</value>
<status status="PASS" start="2025-03-08T23:43:23.446603" elapsed="0.000049"/>
</return>
<msg time="2025-03-08T23:43:23.446988" level="INFO">${response} = &lt;Response [400]&gt;</msg>
<var>${response}</var>
<arg>email=${MAIL_ADMIN}</arg>
<arg>senha=1234@Tes</arg>
<doc>Realizar Login</doc>
<status status="PASS" start="2025-03-08T23:43:23.309470" elapsed="0.137553"/>
</kw>
<kw name="Status Should Be" owner="RequestsLibrary">
<arg>400</arg>
<arg>${response}</arg>
<doc>Fails if response status code is different than the expected.</doc>
<status status="PASS" start="2025-03-08T23:43:23.447386" elapsed="0.000253"/>
</kw>
<kw name="Should Be Equal" owner="BuiltIn">
<arg>first=E-mail ou senha informados são inválidos.</arg>
<arg>second=${response.json()["alert"]}</arg>
<doc>Fails if the given objects are unequal.</doc>
<status status="PASS" start="2025-03-08T23:43:23.447896" elapsed="0.000775"/>
</kw>
<doc>Realizar login com a senha inválida e o e-mail válido</doc>
<status status="PASS" start="2025-03-08T23:43:23.308641" elapsed="0.140271"/>
</test>
<test id="s1-t4" name="TC04 - Realizar login com email inválido" line="70">
<kw name="Realizar login">
<kw name="Create Dictionary" owner="BuiltIn">
<msg time="2025-03-08T23:43:23.451061" level="INFO">${body} = {'mail': 'sysadmin@qacoders.com.br', 'password': '1234@Test'}</msg>
<var>${body}</var>
<arg>mail=${email}</arg>
<arg>password=${senha}</arg>
<doc>Creates and returns a dictionary based on the given ``items``.</doc>
<status status="PASS" start="2025-03-08T23:43:23.450732" elapsed="0.000366"/>
</kw>
<kw name="Criar sessao">
<kw name="Create Dictionary" owner="BuiltIn">
<msg time="2025-03-08T23:43:23.451740" level="INFO">${headers} = {'accept': 'application/json', 'Content-Type': 'application/json'}</msg>
<var>${headers}</var>
<arg>accept=application/json</arg>
<arg>Content-Type=application/json</arg>
<doc>Creates and returns a dictionary based on the given ``items``.</doc>
<status status="PASS" start="2025-03-08T23:43:23.451538" elapsed="0.000237"/>
</kw>
<kw name="Create Session" owner="RequestsLibrary">
<msg time="2025-03-08T23:43:23.452206" level="INFO">Creating Session using : alias=quality-eagles, url=https://quality-eagles.qacoders.dev.br/api, headers={'accept': 'application/json', 'Content-Type': 'application/json'},                     cookies={}, auth=None, timeout=None, proxies=None, verify=True,                     debug=0 </msg>
<arg>alias=quality-eagles</arg>
<arg>url=${BASE_URL}</arg>
<arg>headers=${headers}</arg>
<arg>verify=true</arg>
<doc>Create Session: create a HTTP session to a server</doc>
<status status="PASS" start="2025-03-08T23:43:23.451920" elapsed="0.000467"/>
</kw>
<doc>Criação de sessão inicial pra usar nas próximas requests</doc>
<status status="PASS" start="2025-03-08T23:43:23.451264" elapsed="0.001219"/>
</kw>
<kw name="POST On Session" owner="RequestsLibrary">
<msg time="2025-03-08T23:43:23.517269" level="INFO">POST Request : url=https://quality-eagles.qacoders.dev.br/api/login 
 path_url=/api/login 
 headers={'User-Agent': 'python-requests/2.32.3', 'Accept-Encoding': 'gzip, deflate', 'accept': 'application/json', 'Connection': 'keep-alive', 'Content-Type': 'application/json', 'Content-Length': '61'} 
 body=b'{"mail": "sysadmin@qacoders.com.br", "password": "1234@Test"}' 
 </msg>
<msg time="2025-03-08T23:43:23.517371" level="INFO">POST Response : url=https://quality-eagles.qacoders.dev.br/api/login 
 status=400, reason=Bad Request 
 headers={'Server': 'nginx/1.18.0 (Ubuntu)', 'Date': 'Sun, 09 Mar 2025 02:42:43 GMT', 'Content-Type': 'application/json; charset=utf-8', 'Content-Length': '55', 'Connection': 'keep-alive', 'X-Powered-By': 'Express', 'Access-Control-Allow-Origin': '*', 'ETag': 'W/"37-9q6p8iabt/LayQQx7+su7bYXDck"'} 
 body={"alert":"E-mail ou senha informados são inválidos."} 
 </msg>
<msg time="2025-03-08T23:43:23.517567" level="INFO">${response} = &lt;Response [400]&gt;</msg>
<var>${response}</var>
<arg>alias=quality-eagles</arg>
<arg>expected_status=any</arg>
<arg>url=${LOGIN}</arg>
<arg>json=${body}</arg>
<doc>Sends a POST request on a previously created HTTP Session.</doc>
<status status="PASS" start="2025-03-08T23:43:23.452614" elapsed="0.064997"/>
</kw>
<return>
<value>${response}</value>
<status status="PASS" start="2025-03-08T23:43:23.517717" elapsed="0.000049"/>
</return>
<msg time="2025-03-08T23:43:23.517949" level="INFO">${response} = &lt;Response [400]&gt;</msg>
<var>${response}</var>
<arg>email=sysadmin@qacoders.com.br</arg>
<arg>senha=${PASSWORD_ADMIN}</arg>
<doc>Realizar Login</doc>
<status status="PASS" start="2025-03-08T23:43:23.450316" elapsed="0.067668"/>
</kw>
<kw name="Status Should Be" owner="RequestsLibrary">
<arg>400</arg>
<arg>${response}</arg>
<doc>Fails if response status code is different than the expected.</doc>
<status status="PASS" start="2025-03-08T23:43:23.518342" elapsed="0.000242"/>
</kw>
<kw name="Should Be Equal" owner="BuiltIn">
<arg>first=E-mail ou senha informados são inválidos.</arg>
<arg>second=${response.json()["alert"]}</arg>
<doc>Fails if the given objects are unequal.</doc>
<status status="PASS" start="2025-03-08T23:43:23.518835" elapsed="0.000810"/>
</kw>
<doc>Realizar login com o e-mail inválido e a senha válida</doc>
<status status="PASS" start="2025-03-08T23:43:23.449730" elapsed="0.070158"/>
</test>
<test id="s1-t5" name="TC05 - Realizar login com email e senha inválidos" line="76">
<kw name="Realizar login">
<kw name="Create Dictionary" owner="BuiltIn">
<msg time="2025-03-08T23:43:23.522013" level="INFO">${body} = {'mail': 'sysadmin@qacoders.com.br', 'password': '1234@Tes'}</msg>
<var>${body}</var>
<arg>mail=${email}</arg>
<arg>password=${senha}</arg>
<doc>Creates and returns a dictionary based on the given ``items``.</doc>
<status status="PASS" start="2025-03-08T23:43:23.521693" elapsed="0.000356"/>
</kw>
<kw name="Criar sessao">
<kw name="Create Dictionary" owner="BuiltIn">
<msg time="2025-03-08T23:43:23.522698" level="INFO">${headers} = {'accept': 'application/json', 'Content-Type': 'application/json'}</msg>
<var>${headers}</var>
<arg>accept=application/json</arg>
<arg>Content-Type=application/json</arg>
<doc>Creates and returns a dictionary based on the given ``items``.</doc>
<status status="PASS" start="2025-03-08T23:43:23.522495" elapsed="0.000238"/>
</kw>
<kw name="Create Session" owner="RequestsLibrary">
<msg time="2025-03-08T23:43:23.523164" level="INFO">Creating Session using : alias=quality-eagles, url=https://quality-eagles.qacoders.dev.br/api, headers={'accept': 'application/json', 'Content-Type': 'application/json'},                     cookies={}, auth=None, timeout=None, proxies=None, verify=True,                     debug=0 </msg>
<arg>alias=quality-eagles</arg>
<arg>url=${BASE_URL}</arg>
<arg>headers=${headers}</arg>
<arg>verify=true</arg>
<doc>Create Session: create a HTTP session to a server</doc>
<status status="PASS" start="2025-03-08T23:43:23.522875" elapsed="0.000470"/>
</kw>
<doc>Criação de sessão inicial pra usar nas próximas requests</doc>
<status status="PASS" start="2025-03-08T23:43:23.522214" elapsed="0.001227"/>
</kw>
<kw name="POST On Session" owner="RequestsLibrary">
<msg time="2025-03-08T23:43:23.620383" level="INFO">POST Request : url=https://quality-eagles.qacoders.dev.br/api/login 
 path_url=/api/login 
 headers={'User-Agent': 'python-requests/2.32.3', 'Accept-Encoding': 'gzip, deflate', 'accept': 'application/json', 'Connection': 'keep-alive', 'Content-Type': 'application/json', 'Content-Length': '60'} 
 body=b'{"mail": "sysadmin@qacoders.com.br", "password": "1234@Tes"}' 
 </msg>
<msg time="2025-03-08T23:43:23.620486" level="INFO">POST Response : url=https://quality-eagles.qacoders.dev.br/api/login 
 status=400, reason=Bad Request 
 headers={'Server': 'nginx/1.18.0 (Ubuntu)', 'Date': 'Sun, 09 Mar 2025 02:42:44 GMT', 'Content-Type': 'application/json; charset=utf-8', 'Content-Length': '55', 'Connection': 'keep-alive', 'X-Powered-By': 'Express', 'Access-Control-Allow-Origin': '*', 'ETag': 'W/"37-9q6p8iabt/LayQQx7+su7bYXDck"'} 
 body={"alert":"E-mail ou senha informados são inválidos."} 
 </msg>
<msg time="2025-03-08T23:43:23.620712" level="INFO">${response} = &lt;Response [400]&gt;</msg>
<var>${response}</var>
<arg>alias=quality-eagles</arg>
<arg>expected_status=any</arg>
<arg>url=${LOGIN}</arg>
<arg>json=${body}</arg>
<doc>Sends a POST request on a previously created HTTP Session.</doc>
<status status="PASS" start="2025-03-08T23:43:23.523571" elapsed="0.097180"/>
</kw>
<return>
<value>${response}</value>
<status status="PASS" start="2025-03-08T23:43:23.620856" elapsed="0.000050"/>
</return>
<msg time="2025-03-08T23:43:23.621088" level="INFO">${response} = &lt;Response [400]&gt;</msg>
<var>${response}</var>
<arg>email=sysadmin@qacoders.com.br</arg>
<arg>senha=1234@Tes</arg>
<doc>Realizar Login</doc>
<status status="PASS" start="2025-03-08T23:43:23.521334" elapsed="0.099789"/>
</kw>
<kw name="Status Should Be" owner="RequestsLibrary">
<arg>400</arg>
<arg>${response}</arg>
<doc>Fails if response status code is different than the expected.</doc>
<status status="PASS" start="2025-03-08T23:43:23.621488" elapsed="0.000248"/>
</kw>
<kw name="Should Be Equal" owner="BuiltIn">
<arg>first=E-mail ou senha informados são inválidos.</arg>
<arg>second=${response.json()["alert"]}</arg>
<doc>Fails if the given objects are unequal.</doc>
<status status="PASS" start="2025-03-08T23:43:23.621993" elapsed="0.000769"/>
</kw>
<doc>Realizar login com e-mail e senha inválidos</doc>
<status status="PASS" start="2025-03-08T23:43:23.520733" elapsed="0.102273"/>
</test>
<test id="s1-t6" name="TC06 - Realizar login com e-mail em branco" line="82">
<kw name="Realizar login">
<kw name="Create Dictionary" owner="BuiltIn">
<msg time="2025-03-08T23:43:23.625127" level="INFO">${body} = {'mail': '', 'password': '1234@Test'}</msg>
<var>${body}</var>
<arg>mail=${email}</arg>
<arg>password=${senha}</arg>
<doc>Creates and returns a dictionary based on the given ``items``.</doc>
<status status="PASS" start="2025-03-08T23:43:23.624808" elapsed="0.000354"/>
</kw>
<kw name="Criar sessao">
<kw name="Create Dictionary" owner="BuiltIn">
<msg time="2025-03-08T23:43:23.625797" level="INFO">${headers} = {'accept': 'application/json', 'Content-Type': 'application/json'}</msg>
<var>${headers}</var>
<arg>accept=application/json</arg>
<arg>Content-Type=application/json</arg>
<doc>Creates and returns a dictionary based on the given ``items``.</doc>
<status status="PASS" start="2025-03-08T23:43:23.625592" elapsed="0.000240"/>
</kw>
<kw name="Create Session" owner="RequestsLibrary">
<msg time="2025-03-08T23:43:23.626264" level="INFO">Creating Session using : alias=quality-eagles, url=https://quality-eagles.qacoders.dev.br/api, headers={'accept': 'application/json', 'Content-Type': 'application/json'},                     cookies={}, auth=None, timeout=None, proxies=None, verify=True,                     debug=0 </msg>
<arg>alias=quality-eagles</arg>
<arg>url=${BASE_URL}</arg>
<arg>headers=${headers}</arg>
<arg>verify=true</arg>
<doc>Create Session: create a HTTP session to a server</doc>
<status status="PASS" start="2025-03-08T23:43:23.625980" elapsed="0.000476"/>
</kw>
<doc>Criação de sessão inicial pra usar nas próximas requests</doc>
<status status="PASS" start="2025-03-08T23:43:23.625329" elapsed="0.001219"/>
</kw>
<kw name="POST On Session" owner="RequestsLibrary">
<msg time="2025-03-08T23:43:23.693428" level="INFO">POST Request : url=https://quality-eagles.qacoders.dev.br/api/login 
 path_url=/api/login 
 headers={'User-Agent': 'python-requests/2.32.3', 'Accept-Encoding': 'gzip, deflate', 'accept': 'application/json', 'Connection': 'keep-alive', 'Content-Type': 'application/json', 'Content-Length': '37'} 
 body=b'{"mail": "", "password": "1234@Test"}' 
 </msg>
<msg time="2025-03-08T23:43:23.693529" level="INFO">POST Response : url=https://quality-eagles.qacoders.dev.br/api/login 
 status=500, reason=Internal Server Error 
 headers={'Server': 'nginx/1.18.0 (Ubuntu)', 'Date': 'Sun, 09 Mar 2025 02:42:44 GMT', 'Content-Type': 'application/json; charset=utf-8', 'Content-Length': '42', 'Connection': 'keep-alive', 'X-Powered-By': 'Express', 'Access-Control-Allow-Origin': '*', 'ETag': 'W/"2a-/124g9jniAHe7nzn4NUpaSYqX/s"'} 
 body={"mail":"O campo e-mail é obrigatório."} 
 </msg>
<msg time="2025-03-08T23:43:23.693677" level="INFO">${response} = &lt;Response [500]&gt;</msg>
<var>${response}</var>
<arg>alias=quality-eagles</arg>
<arg>expected_status=any</arg>
<arg>url=${LOGIN}</arg>
<arg>json=${body}</arg>
<doc>Sends a POST request on a previously created HTTP Session.</doc>
<status status="PASS" start="2025-03-08T23:43:23.626680" elapsed="0.067033"/>
</kw>
<return>
<value>${response}</value>
<status status="PASS" start="2025-03-08T23:43:23.693816" elapsed="0.000053"/>
</return>
<msg time="2025-03-08T23:43:23.694048" level="INFO">${response} = &lt;Response [500]&gt;</msg>
<var>${response}</var>
<arg>email=</arg>
<arg>senha=${PASSWORD_ADMIN}</arg>
<doc>Realizar Login</doc>
<status status="PASS" start="2025-03-08T23:43:23.624408" elapsed="0.069673"/>
</kw>
<kw name="Status Should Be" owner="RequestsLibrary">
<arg>500</arg>
<arg>${response}</arg>
<doc>Fails if response status code is different than the expected.</doc>
<status status="PASS" start="2025-03-08T23:43:23.694428" elapsed="0.000295"/>
</kw>
<kw name="Should Be Equal" owner="BuiltIn">
<arg>first=O campo e-mail é obrigatório.</arg>
<arg>second=${response.json()["mail"]}</arg>
<doc>Fails if the given objects are unequal.</doc>
<status status="PASS" start="2025-03-08T23:43:23.694974" elapsed="0.000761"/>
</kw>
<doc>Realizar login com o e-mail em branco e a senha válida</doc>
<status status="PASS" start="2025-03-08T23:43:23.623825" elapsed="0.072148"/>
</test>
<test id="s1-t7" name="TC07 - Realizar login com a senha em branco" line="87">
<kw name="Realizar login">
<kw name="Create Dictionary" owner="BuiltIn">
<msg time="2025-03-08T23:43:23.698124" level="INFO">${body} = {'mail': 'sysadmin@qacoders.com', 'password': ''}</msg>
<var>${body}</var>
<arg>mail=${email}</arg>
<arg>password=${senha}</arg>
<doc>Creates and returns a dictionary based on the given ``items``.</doc>
<status status="PASS" start="2025-03-08T23:43:23.697804" elapsed="0.000355"/>
</kw>
<kw name="Criar sessao">
<kw name="Create Dictionary" owner="BuiltIn">
<msg time="2025-03-08T23:43:23.698777" level="INFO">${headers} = {'accept': 'application/json', 'Content-Type': 'application/json'}</msg>
<var>${headers}</var>
<arg>accept=application/json</arg>
<arg>Content-Type=application/json</arg>
<doc>Creates and returns a dictionary based on the given ``items``.</doc>
<status status="PASS" start="2025-03-08T23:43:23.698578" elapsed="0.000232"/>
</kw>
<kw name="Create Session" owner="RequestsLibrary">
<msg time="2025-03-08T23:43:23.699237" level="INFO">Creating Session using : alias=quality-eagles, url=https://quality-eagles.qacoders.dev.br/api, headers={'accept': 'application/json', 'Content-Type': 'application/json'},                     cookies={}, auth=None, timeout=None, proxies=None, verify=True,                     debug=0 </msg>
<arg>alias=quality-eagles</arg>
<arg>url=${BASE_URL}</arg>
<arg>headers=${headers}</arg>
<arg>verify=true</arg>
<doc>Create Session: create a HTTP session to a server</doc>
<status status="PASS" start="2025-03-08T23:43:23.698954" elapsed="0.000455"/>
</kw>
<doc>Criação de sessão inicial pra usar nas próximas requests</doc>
<status status="PASS" start="2025-03-08T23:43:23.698324" elapsed="0.001178"/>
</kw>
<kw name="POST On Session" owner="RequestsLibrary">
<msg time="2025-03-08T23:43:23.752575" level="INFO">POST Request : url=https://quality-eagles.qacoders.dev.br/api/login 
 path_url=/api/login 
 headers={'User-Agent': 'python-requests/2.32.3', 'Accept-Encoding': 'gzip, deflate', 'accept': 'application/json', 'Connection': 'keep-alive', 'Content-Type': 'application/json', 'Content-Length': '49'} 
 body=b'{"mail": "sysadmin@qacoders.com", "password": ""}' 
 </msg>
<msg time="2025-03-08T23:43:23.752673" level="INFO">POST Response : url=https://quality-eagles.qacoders.dev.br/api/login 
 status=500, reason=Internal Server Error 
 headers={'Server': 'nginx/1.18.0 (Ubuntu)', 'Date': 'Sun, 09 Mar 2025 02:42:44 GMT', 'Content-Type': 'application/json; charset=utf-8', 'Content-Length': '45', 'Connection': 'keep-alive', 'X-Powered-By': 'Express', 'Access-Control-Allow-Origin': '*', 'ETag': 'W/"2d-LaUBcWJ8ASxtbvqJeXp2IX8IS04"'} 
 body={"password":"O campo senha é obrigatório."} 
 </msg>
<msg time="2025-03-08T23:43:23.753005" level="INFO">${response} = &lt;Response [500]&gt;</msg>
<var>${response}</var>
<arg>alias=quality-eagles</arg>
<arg>expected_status=any</arg>
<arg>url=${LOGIN}</arg>
<arg>json=${body}</arg>
<doc>Sends a POST request on a previously created HTTP Session.</doc>
<status status="PASS" start="2025-03-08T23:43:23.699632" elapsed="0.053415"/>
</kw>
<return>
<value>${response}</value>
<status status="PASS" start="2025-03-08T23:43:23.753153" elapsed="0.000049"/>
</return>
<msg time="2025-03-08T23:43:23.753383" level="INFO">${response} = &lt;Response [500]&gt;</msg>
<var>${response}</var>
<arg>email=${MAIL_ADMIN}</arg>
<arg>senha=</arg>
<doc>Realizar Login</doc>
<status status="PASS" start="2025-03-08T23:43:23.697411" elapsed="0.056006"/>
</kw>
<kw name="Status Should Be" owner="RequestsLibrary">
<arg>500</arg>
<arg>${response}</arg>
<doc>Fails if response status code is different than the expected.</doc>
<status status="PASS" start="2025-03-08T23:43:23.753778" elapsed="0.000250"/>
</kw>
<kw name="Should Be Equal" owner="BuiltIn">
<arg>first=O campo senha é obrigatório.</arg>
<arg>second=${response.json()["password"]}</arg>
<doc>Fails if the given objects are unequal.</doc>
<status status="PASS" start="2025-03-08T23:43:23.754311" elapsed="0.000785"/>
</kw>
<doc>Realizar login com o e-mail válido e a senha em branco</doc>
<status status="PASS" start="2025-03-08T23:43:23.696829" elapsed="0.058513"/>
</test>
<test id="s1-t8" name="TC08 - Realizar login com e-mail e senha em branco" line="93">
<kw name="Realizar login">
<kw name="Create Dictionary" owner="BuiltIn">
<msg time="2025-03-08T23:43:23.758038" level="INFO">${body} = {'mail': '', 'password': ''}</msg>
<var>${body}</var>
<arg>mail=${email}</arg>
<arg>password=${senha}</arg>
<doc>Creates and returns a dictionary based on the given ``items``.</doc>
<status status="PASS" start="2025-03-08T23:43:23.757711" elapsed="0.000364"/>
</kw>
<kw name="Criar sessao">
<kw name="Create Dictionary" owner="BuiltIn">
<msg time="2025-03-08T23:43:23.758771" level="INFO">${headers} = {'accept': 'application/json', 'Content-Type': 'application/json'}</msg>
<var>${headers}</var>
<arg>accept=application/json</arg>
<arg>Content-Type=application/json</arg>
<doc>Creates and returns a dictionary based on the given ``items``.</doc>
<status status="PASS" start="2025-03-08T23:43:23.758496" elapsed="0.000314"/>
</kw>
<kw name="Create Session" owner="RequestsLibrary">
<msg time="2025-03-08T23:43:23.759317" level="INFO">Creating Session using : alias=quality-eagles, url=https://quality-eagles.qacoders.dev.br/api, headers={'accept': 'application/json', 'Content-Type': 'application/json'},                     cookies={}, auth=None, timeout=None, proxies=None, verify=True,                     debug=0 </msg>
<arg>alias=quality-eagles</arg>
<arg>url=${BASE_URL}</arg>
<arg>headers=${headers}</arg>
<arg>verify=true</arg>
<doc>Create Session: create a HTTP session to a server</doc>
<status status="PASS" start="2025-03-08T23:43:23.758964" elapsed="0.000598"/>
</kw>
<doc>Criação de sessão inicial pra usar nas próximas requests</doc>
<status status="PASS" start="2025-03-08T23:43:23.758240" elapsed="0.001431"/>
</kw>
<kw name="POST On Session" owner="RequestsLibrary">
<msg time="2025-03-08T23:43:23.814963" level="INFO">POST Request : url=https://quality-eagles.qacoders.dev.br/api/login 
 path_url=/api/login 
 headers={'User-Agent': 'python-requests/2.32.3', 'Accept-Encoding': 'gzip, deflate', 'accept': 'application/json', 'Connection': 'keep-alive', 'Content-Type': 'application/json', 'Content-Length': '28'} 
 body=b'{"mail": "", "password": ""}' 
 </msg>
<msg time="2025-03-08T23:43:23.815080" level="INFO">POST Response : url=https://quality-eagles.qacoders.dev.br/api/login 
 status=200, reason=OK 
 headers={'Server': 'nginx/1.18.0 (Ubuntu)', 'Date': 'Sun, 09 Mar 2025 02:42:44 GMT', 'Content-Type': 'application/json; charset=utf-8', 'Transfer-Encoding': 'chunked', 'Connection': 'keep-alive', 'X-Powered-By': 'Express', 'Access-Control-Allow-Origin': '*', 'ETag': 'W/"56-mZ8+sf9S4pc06UWc3lpjW9Q/WQw"', 'Content-Encoding': 'gzip'} 
 body={"mail":"O campo e-mail é obrigatório.","password":"O campo senha é obrigatório."} 
 </msg>
<msg time="2025-03-08T23:43:23.815250" level="INFO">${response} = &lt;Response [200]&gt;</msg>
<var>${response}</var>
<arg>alias=quality-eagles</arg>
<arg>expected_status=any</arg>
<arg>url=${LOGIN}</arg>
<arg>json=${body}</arg>
<doc>Sends a POST request on a previously created HTTP Session.</doc>
<status status="PASS" start="2025-03-08T23:43:23.759836" elapsed="0.055453"/>
</kw>
<return>
<value>${response}</value>
<status status="PASS" start="2025-03-08T23:43:23.815411" elapsed="0.000058"/>
</return>
<msg time="2025-03-08T23:43:23.815666" level="INFO">${response} = &lt;Response [200]&gt;</msg>
<var>${response}</var>
<arg>email=</arg>
<arg>senha=</arg>
<doc>Realizar Login</doc>
<status status="PASS" start="2025-03-08T23:43:23.756759" elapsed="0.058942"/>
</kw>
<kw name="Should Be Equal" owner="BuiltIn">
<arg>first=O campo e-mail é obrigatório.</arg>
<arg>second=${response.json()["mail"]}</arg>
<doc>Fails if the given objects are unequal.</doc>
<status status="PASS" start="2025-03-08T23:43:23.816041" elapsed="0.000793"/>
</kw>
<kw name="Should Be Equal" owner="BuiltIn">
<arg>first=O campo senha é obrigatório.</arg>
<arg>second=${response.json()["password"]}</arg>
<doc>Fails if the given objects are unequal.</doc>
<status status="PASS" start="2025-03-08T23:43:23.817076" elapsed="0.000677"/>
</kw>
<doc>Realizar login com o e-mail e a senha em branco</doc>
<status status="PASS" start="2025-03-08T23:43:23.756173" elapsed="0.061811"/>
</test>
<test id="s1-t9" name="TC09 - Cadastro de usuário com sucesso" line="102">
<kw name="Get Fake Person" owner="get_fake_person">
<msg time="2025-03-08T23:43:23.819649" level="INFO">${person} = {'name': 'Maria Alice Lopes', 'email': 'raul57@example.net', 'cpf': '36429587100'}</msg>
<var>${person}</var>
<doc>Gera dados de pessoa fictícia com formatação adequada.</doc>
<status status="PASS" start="2025-03-08T23:43:23.819201" elapsed="0.000484"/>
</kw>
<kw name="Criar usuario">
<kw name="Create Dictionary" owner="BuiltIn">
<msg time="2025-03-08T23:43:23.820709" level="INFO">${headers} = {'accept': 'application/json', 'Content-Type': 'application/json'}</msg>
<var>${headers}</var>
<arg>accept=application/json</arg>
<arg>Content-Type=application/json</arg>
<doc>Creates and returns a dictionary based on the given ``items``.</doc>
<status status="PASS" start="2025-03-08T23:43:23.820484" elapsed="0.000262"/>
</kw>
<kw name="Create Dictionary" owner="BuiltIn">
<msg time="2025-03-08T23:43:23.821331" level="INFO">${body} = {'fullName': 'Maria Alice Lopes', 'mail': 'raul57@example.net', 'password': 'B6Dc#4d@SM6U', 'accessProfile': 'ADMIN', 'cpf': '36429587100', 'confirmPassword': 'B6Dc#4d@SM6U'}</msg>
<var>${body}</var>
<arg>fullName=${person}[name]</arg>
<arg>mail=${person}[email]</arg>
<arg>password=B6Dc#4d@SM6U</arg>
<arg>accessProfile=ADMIN</arg>
<arg>cpf=${person}[cpf]</arg>
<arg>confirmPassword=B6Dc#4d@SM6U</arg>
<doc>Creates and returns a dictionary based on the given ``items``.</doc>
<status status="PASS" start="2025-03-08T23:43:23.820894" elapsed="0.000473"/>
</kw>
<kw name="POST On Session" owner="RequestsLibrary">
<msg time="2025-03-08T23:43:23.939027" level="INFO">POST Request : url=https://quality-eagles.qacoders.dev.br/api/user/?token=eyJhbGciOiJIUzI1NiIsInR5cCI6IkpXVCJ9.eyJfaWQiOiI2N2NhMzdhMzExZDVmZjc2Mjk2MjZmOTAiLCJmdWxsTmFtZSI6IkNhcm9saW5lIE5vdmFpcyIsIm1haWwiOiJjb3N0YWRhdmktbHVjY2FAZXhhbXBsZS5jb20iLCJwYXNzd29yZCI6IiQyYiQxMCRtTTdxWi9LeWxqMTZKM2I4T1hJaGl1bkttd0RGaFRWS1NzS21kV1I3bnVKSUVBWDRVMTJFcSIsImFjY2Vzc1Byb2ZpbGUiOiJBRE1JTiIsImNwZiI6IjQ1NzIxMzA5NjUyIiwic3RhdHVzIjp0cnVlLCJhdWRpdCI6W3sicmVnaXN0ZXJlZEJ5Ijp7InVzZXJJZCI6IjY2ZGI1ZTQwZTVhMDAxNTYzNGYxMzdlNiIsInVzZXJMb2dpbiI6InN5c2FkbWluQHFhY29kZXJzLmNvbSJ9LCJyZWdpc3RyYXRpb25EYXRlIjoicXVpbnRhLWZlaXJhLCAwNi8wMy8yMDI1LCAyMTowMjo0MyBCUlQiLCJyZWdpc3RyYXRpb25OdW1iZXIiOiJRYUNvZGVycy0yOTkwIiwiX2lkIjoiNjdjYTM3YTMxMWQ1ZmY3NjI5NjI2ZjkxIn1dLCJfX3YiOjAsImlhdCI6MTc0MTQ4ODE2MywiZXhwIjoxNzQxNTc0NTYzfQ.Rlx_Tzcqxb_UxsSWVaqwzRIFUw9TmKlBubnO4usdM2M 
 path_url=/api/user/?token=eyJhbGciOiJIUzI1NiIsInR5cCI6IkpXVCJ9.eyJfaWQiOiI2N2NhMzdhMzExZDVmZjc2Mjk2MjZmOTAiLCJmdWxsTmFtZSI6IkNhcm9saW5lIE5vdmFpcyIsIm1haWwiOiJjb3N0YWRhdmktbHVjY2FAZXhhbXBsZS5jb20iLCJwYXNzd29yZCI6IiQyYiQxMCRtTTdxWi9LeWxqMTZKM2I4T1hJaGl1bkttd0RGaFRWS1NzS21kV1I3bnVKSUVBWDRVMTJFcSIsImFjY2Vzc1Byb2ZpbGUiOiJBRE1JTiIsImNwZiI6IjQ1NzIxMzA5NjUyIiwic3RhdHVzIjp0cnVlLCJhdWRpdCI6W3sicmVnaXN0ZXJlZEJ5Ijp7InVzZXJJZCI6IjY2ZGI1ZTQwZTVhMDAxNTYzNGYxMzdlNiIsInVzZXJMb2dpbiI6InN5c2FkbWluQHFhY29kZXJzLmNvbSJ9LCJyZWdpc3RyYXRpb25EYXRlIjoicXVpbnRhLWZlaXJhLCAwNi8wMy8yMDI1LCAyMTowMjo0MyBCUlQiLCJyZWdpc3RyYXRpb25OdW1iZXIiOiJRYUNvZGVycy0yOTkwIiwiX2lkIjoiNjdjYTM3YTMxMWQ1ZmY3NjI5NjI2ZjkxIn1dLCJfX3YiOjAsImlhdCI6MTc0MTQ4ODE2MywiZXhwIjoxNzQxNTc0NTYzfQ.Rlx_Tzcqxb_UxsSWVaqwzRIFUw9TmKlBubnO4usdM2M 
 headers={'User-Agent': 'python-requests/2.32.3', 'Accept-Encoding': 'gzip, deflate', 'accept': 'application/json', 'Connection': 'keep-alive', 'Content-Type': 'application/json', 'Content-Length': '174'} 
 body=b'{"fullName": "Maria Alice Lopes", "mail": "raul57@example.net", "password": "B6Dc#4d@SM6U", "accessProfile": "ADMIN", "cpf": "36429587100", "confirmPassword": "B6Dc#4d@SM6U"}' 
 </msg>
<msg time="2025-03-08T23:43:23.939236" level="INFO">POST Response : url=https://quality-eagles.qacoders.dev.br/api/user/?token=eyJhbGciOiJIUzI1NiIsInR5cCI6IkpXVCJ9.eyJfaWQiOiI2N2NhMzdhMzExZDVmZjc2Mjk2MjZmOTAiLCJmdWxsTmFtZSI6IkNhcm9saW5lIE5vdmFpcyIsIm1haWwiOiJjb3N0YWRhdmktbHVjY2FAZXhhbXBsZS5jb20iLCJwYXNzd29yZCI6IiQyYiQxMCRtTTdxWi9LeWxqMTZKM2I4T1hJaGl1bkttd0RGaFRWS1NzS21kV1I3bnVKSUVBWDRVMTJFcSIsImFjY2Vzc1Byb2ZpbGUiOiJBRE1JTiIsImNwZiI6IjQ1NzIxMzA5NjUyIiwic3RhdHVzIjp0cnVlLCJhdWRpdCI6W3sicmVnaXN0ZXJlZEJ5Ijp7InVzZXJJZCI6IjY2ZGI1ZTQwZTVhMDAxNTYzNGYxMzdlNiIsInVzZXJMb2dpbiI6InN5c2FkbWluQHFhY29kZXJzLmNvbSJ9LCJyZWdpc3RyYXRpb25EYXRlIjoicXVpbnRhLWZlaXJhLCAwNi8wMy8yMDI1LCAyMTowMjo0MyBCUlQiLCJyZWdpc3RyYXRpb25OdW1iZXIiOiJRYUNvZGVycy0yOTkwIiwiX2lkIjoiNjdjYTM3YTMxMWQ1ZmY3NjI5NjI2ZjkxIn1dLCJfX3YiOjAsImlhdCI6MTc0MTQ4ODE2MywiZXhwIjoxNzQxNTc0NTYzfQ.Rlx_Tzcqxb_UxsSWVaqwzRIFUw9TmKlBubnO4usdM2M 
 status=500, reason=Internal Server Error 
 headers={'Server': 'nginx/1.18.0 (Ubuntu)', 'Date': 'Sun, 09 Mar 2025 02:42:44 GMT', 'Content-Type': 'application/json; charset=utf-8', 'Content-Length': '464', 'Connection': 'keep-alive', 'X-Powered-By': 'Express', 'Access-Control-Allow-Origin': '*', 'ETag': 'W/"1d0-6VBIr6s0BOYfYWq9cKTA5UtJfrE"'} 
 body={"msg":"Olá Maria Alice Lopes, cadastro realizado com sucesso.","user":{"_id":"67cd002411d5ff7629b1da4f","fullName":"Maria Alice Lopes","mail":"raul57@example.net","accessProfile":"ADMIN","cpf":"36429587100","status":true,"audit":[{"registeredBy":{"userId":"67ca37a311d5ff7629626f90","userLogin":"costadavi-lucca@example.com"},"registrationDate":"sábado, 08/03/2025, 23:42:44 BRT","registrationNumber":"QaCoders-5750","_id":"67cd002411d5ff7629b1da50"}],"__v":0}} 
 </msg>
<msg time="2025-03-08T23:43:23.939413" level="INFO">${response} = &lt;Response [500]&gt;</msg>
<var>${response}</var>
<arg>alias=quality-eagles</arg>
<arg>url=/${USER}/?token=${TOKEN_USER}</arg>
<arg>json=${body}</arg>
<arg>expected_status=500</arg>
<doc>Sends a POST request on a previously created HTTP Session.</doc>
<status status="PASS" start="2025-03-08T23:43:23.821535" elapsed="0.117918"/>
</kw>
<return>
<value>${response}</value>
<status status="PASS" start="2025-03-08T23:43:23.939557" elapsed="0.000050"/>
</return>
<msg time="2025-03-08T23:43:23.939790" level="INFO">${response} = &lt;Response [500]&gt;</msg>
<var>${response}</var>
<arg>${person}</arg>
<doc>Criar um usuário com dados aleatórios</doc>
<status status="PASS" start="2025-03-08T23:43:23.820135" elapsed="0.119690"/>
</kw>
<kw name="Set Variable" owner="BuiltIn">
<msg time="2025-03-08T23:43:23.940943" level="INFO">${user_data} = {'_id': '67cd002411d5ff7629b1da4f', 'fullName': 'Maria Alice Lopes', 'mail': 'raul57@example.net', 'accessProfile': 'ADMIN', 'cpf': '36429587100', 'status': True, 'audit': [{'registeredBy': {'userId':...</msg>
<var>${user_data}</var>
<arg>${response.json()["user"]}</arg>
<doc>Returns the given values which can then be assigned to a variables.</doc>
<status status="PASS" start="2025-03-08T23:43:23.940164" elapsed="0.000817"/>
</kw>
<kw name="Should Be True" owner="BuiltIn">
<arg>isinstance(${user_data}, dict)</arg>
<doc>Fails if the given condition is not true.</doc>
<status status="PASS" start="2025-03-08T23:43:23.941234" elapsed="0.000377"/>
</kw>
<kw name="Dictionary Should Contain Item" owner="Collections">
<arg>${user_data}</arg>
<arg>fullName</arg>
<arg>${person}[name]</arg>
<doc>An item of ``key`` / ``value`` must be found in a ``dictionary``.</doc>
<status status="PASS" start="2025-03-08T23:43:23.941850" elapsed="0.000242"/>
</kw>
<kw name="Dictionary Should Contain Item" owner="Collections">
<arg>${user_data}</arg>
<arg>mail</arg>
<arg>${person}[email]</arg>
<doc>An item of ``key`` / ``value`` must be found in a ``dictionary``.</doc>
<status status="PASS" start="2025-03-08T23:43:23.942361" elapsed="0.000224"/>
</kw>
<kw name="Dictionary Should Contain Item" owner="Collections">
<arg>${user_data}</arg>
<arg>cpf</arg>
<arg>${person}[cpf]</arg>
<doc>An item of ``key`` / ``value`` must be found in a ``dictionary``.</doc>
<status status="PASS" start="2025-03-08T23:43:23.942827" elapsed="0.000217"/>
</kw>
<kw name="Log To Console" owner="BuiltIn">
<arg>Nome: ${user_data["fullName"]}</arg>
<doc>Logs the given message to the console.</doc>
<status status="PASS" start="2025-03-08T23:43:23.943290" elapsed="0.000856"/>
</kw>
<kw name="Log To Console" owner="BuiltIn">
<arg>Email: ${user_data["mail"]}</arg>
<doc>Logs the given message to the console.</doc>
<status status="PASS" start="2025-03-08T23:43:23.944400" elapsed="0.000934"/>
</kw>
<doc>Realizar um cadastro de usuário com sucesso</doc>
<status status="PASS" start="2025-03-08T23:43:23.818712" elapsed="0.127075"/>
</test>
<test id="s1-t10" name="TC10 - Cadastrar usuário com nome com mais de 100 caracteres" line="119">
<kw name="Cadastro manual de usuario">
<kw name="Create Dictionary" owner="BuiltIn">
<msg time="2025-03-08T23:43:23.948973" level="INFO">${body} = {'fullName': ' fullName=Isabella Oliveira Valo Velho Barro Preto Botafogo Santana Padre Clemente Henrique Moussier Uruguai Teresina Robert Spengler Neto', 'mail': ' isabelaoliveira_0037fbf4-241a-4852-...</msg>
<var>${body}</var>
<arg>fullName= ${name}</arg>
<arg>mail= ${mail}</arg>
<arg>accessProfile=ADMIN</arg>
<arg>cpf= ${cpf}</arg>
<arg>password=${password}</arg>
<arg>confirmPassword=${confirmPassword}</arg>
<doc>Creates and returns a dictionary based on the given ``items``.</doc>
<status status="PASS" start="2025-03-08T23:43:23.948235" elapsed="0.000814"/>
</kw>
<kw name="POST On Session" owner="RequestsLibrary">
<msg time="2025-03-08T23:43:23.979295" level="INFO">POST Request : url=https://quality-eagles.qacoders.dev.br/api/user/?token=eyJhbGciOiJIUzI1NiIsInR5cCI6IkpXVCJ9.eyJfaWQiOiI2N2NhMzdhMzExZDVmZjc2Mjk2MjZmOTAiLCJmdWxsTmFtZSI6IkNhcm9saW5lIE5vdmFpcyIsIm1haWwiOiJjb3N0YWRhdmktbHVjY2FAZXhhbXBsZS5jb20iLCJwYXNzd29yZCI6IiQyYiQxMCRtTTdxWi9LeWxqMTZKM2I4T1hJaGl1bkttd0RGaFRWS1NzS21kV1I3bnVKSUVBWDRVMTJFcSIsImFjY2Vzc1Byb2ZpbGUiOiJBRE1JTiIsImNwZiI6IjQ1NzIxMzA5NjUyIiwic3RhdHVzIjp0cnVlLCJhdWRpdCI6W3sicmVnaXN0ZXJlZEJ5Ijp7InVzZXJJZCI6IjY2ZGI1ZTQwZTVhMDAxNTYzNGYxMzdlNiIsInVzZXJMb2dpbiI6InN5c2FkbWluQHFhY29kZXJzLmNvbSJ9LCJyZWdpc3RyYXRpb25EYXRlIjoicXVpbnRhLWZlaXJhLCAwNi8wMy8yMDI1LCAyMTowMjo0MyBCUlQiLCJyZWdpc3RyYXRpb25OdW1iZXIiOiJRYUNvZGVycy0yOTkwIiwiX2lkIjoiNjdjYTM3YTMxMWQ1ZmY3NjI5NjI2ZjkxIn1dLCJfX3YiOjAsImlhdCI6MTc0MTQ4ODE2MywiZXhwIjoxNzQxNTc0NTYzfQ.Rlx_Tzcqxb_UxsSWVaqwzRIFUw9TmKlBubnO4usdM2M 
 path_url=/api/user/?token=eyJhbGciOiJIUzI1NiIsInR5cCI6IkpXVCJ9.eyJfaWQiOiI2N2NhMzdhMzExZDVmZjc2Mjk2MjZmOTAiLCJmdWxsTmFtZSI6IkNhcm9saW5lIE5vdmFpcyIsIm1haWwiOiJjb3N0YWRhdmktbHVjY2FAZXhhbXBsZS5jb20iLCJwYXNzd29yZCI6IiQyYiQxMCRtTTdxWi9LeWxqMTZKM2I4T1hJaGl1bkttd0RGaFRWS1NzS21kV1I3bnVKSUVBWDRVMTJFcSIsImFjY2Vzc1Byb2ZpbGUiOiJBRE1JTiIsImNwZiI6IjQ1NzIxMzA5NjUyIiwic3RhdHVzIjp0cnVlLCJhdWRpdCI6W3sicmVnaXN0ZXJlZEJ5Ijp7InVzZXJJZCI6IjY2ZGI1ZTQwZTVhMDAxNTYzNGYxMzdlNiIsInVzZXJMb2dpbiI6InN5c2FkbWluQHFhY29kZXJzLmNvbSJ9LCJyZWdpc3RyYXRpb25EYXRlIjoicXVpbnRhLWZlaXJhLCAwNi8wMy8yMDI1LCAyMTowMjo0MyBCUlQiLCJyZWdpc3RyYXRpb25OdW1iZXIiOiJRYUNvZGVycy0yOTkwIiwiX2lkIjoiNjdjYTM3YTMxMWQ1ZmY3NjI5NjI2ZjkxIn1dLCJfX3YiOjAsImlhdCI6MTc0MTQ4ODE2MywiZXhwIjoxNzQxNTc0NTYzfQ.Rlx_Tzcqxb_UxsSWVaqwzRIFUw9TmKlBubnO4usdM2M 
 headers={'User-Agent': 'python-requests/2.32.3', 'Accept-Encoding': 'gzip, deflate', 'accept': 'application/json', 'Connection': 'keep-alive', 'Content-Type': 'application/json', 'Content-Length': '348'} 
 body=b'{"fullName": " fullName=Isabella Oliveira Valo Velho Barro Preto Botafogo Santana Padre Clemente Henrique Moussier Uruguai Teresina Robert Spengler Neto", "mail": " isabelaoliveira_0037fbf4-241a-4852-bdf1-19723cb0aab3@qacoders.com.br", "accessProfile": "ADMIN", "cpf": " 78599154719", "password": "5qLPT$6vpPfj", "confirmPassword": " 5qLPT$6vpPfj"}' 
 </msg>
<msg time="2025-03-08T23:43:23.979418" level="INFO">POST Response : url=https://quality-eagles.qacoders.dev.br/api/user/?token=eyJhbGciOiJIUzI1NiIsInR5cCI6IkpXVCJ9.eyJfaWQiOiI2N2NhMzdhMzExZDVmZjc2Mjk2MjZmOTAiLCJmdWxsTmFtZSI6IkNhcm9saW5lIE5vdmFpcyIsIm1haWwiOiJjb3N0YWRhdmktbHVjY2FAZXhhbXBsZS5jb20iLCJwYXNzd29yZCI6IiQyYiQxMCRtTTdxWi9LeWxqMTZKM2I4T1hJaGl1bkttd0RGaFRWS1NzS21kV1I3bnVKSUVBWDRVMTJFcSIsImFjY2Vzc1Byb2ZpbGUiOiJBRE1JTiIsImNwZiI6IjQ1NzIxMzA5NjUyIiwic3RhdHVzIjp0cnVlLCJhdWRpdCI6W3sicmVnaXN0ZXJlZEJ5Ijp7InVzZXJJZCI6IjY2ZGI1ZTQwZTVhMDAxNTYzNGYxMzdlNiIsInVzZXJMb2dpbiI6InN5c2FkbWluQHFhY29kZXJzLmNvbSJ9LCJyZWdpc3RyYXRpb25EYXRlIjoicXVpbnRhLWZlaXJhLCAwNi8wMy8yMDI1LCAyMTowMjo0MyBCUlQiLCJyZWdpc3RyYXRpb25OdW1iZXIiOiJRYUNvZGVycy0yOTkwIiwiX2lkIjoiNjdjYTM3YTMxMWQ1ZmY3NjI5NjI2ZjkxIn1dLCJfX3YiOjAsImlhdCI6MTc0MTQ4ODE2MywiZXhwIjoxNzQxNTc0NTYzfQ.Rlx_Tzcqxb_UxsSWVaqwzRIFUw9TmKlBubnO4usdM2M 
 status=400, reason=Bad Request 
 headers={'Server': 'nginx/1.18.0 (Ubuntu)', 'Date': 'Sun, 09 Mar 2025 02:42:44 GMT', 'Content-Type': 'application/json; charset=utf-8', 'Content-Length': '256', 'Connection': 'keep-alive', 'X-Powered-By': 'Express', 'Access-Control-Allow-Origin': '*', 'ETag': 'W/"100-uusitc9YuZB76meUDSVyBiKaJKk"'} 
 body={"error":["Informe o nome e sobrenome com as iniciais em letra maiúscula e sem caracteres especiais.","O e-mail informado é inválido. Informe um e-mail no formato [nome@domínio.com].","Deve preencher o CPF com 11 dígitos","As senhas não coincidem."]} 
 </msg>
<msg time="2025-03-08T23:43:23.979748" level="INFO">${response} = &lt;Response [400]&gt;</msg>
<var>${response}</var>
<arg>alias=quality-eagles</arg>
<arg>url=/${USER}/?token=${TOKEN_USER}</arg>
<arg>json=${body}</arg>
<arg>expected_status=400</arg>
<doc>Sends a POST request on a previously created HTTP Session.</doc>
<status status="PASS" start="2025-03-08T23:43:23.949307" elapsed="0.030481"/>
</kw>
<return>
<value>${response}</value>
<status status="PASS" start="2025-03-08T23:43:23.979892" elapsed="0.000049"/>
</return>
<msg time="2025-03-08T23:43:23.980126" level="INFO">${response} = &lt;Response [400]&gt;</msg>
<var>${response}</var>
<arg>fullName=Isabella Oliveira Valo Velho Barro Preto Botafogo Santana Padre Clemente Henrique Moussier Uruguai Teresina Robert Spengler Neto</arg>
<arg>mail=isabelaoliveira_0037fbf4-241a-4852-bdf1-19723cb0aab3@qacoders.com.br</arg>
<arg>cpf=78599154719</arg>
<arg>password=5qLPT$6vpPfj</arg>
<arg>confirmPassword= 5qLPT$6vpPfj</arg>
<doc>Criar um usuário com dados manuais</doc>
<status status="PASS" start="2025-03-08T23:43:23.947616" elapsed="0.032544"/>
</kw>
<kw name="Status Should Be" owner="RequestsLibrary">
<arg>400</arg>
<arg>${response}</arg>
<doc>Fails if response status code is different than the expected.</doc>
<status status="PASS" start="2025-03-08T23:43:23.981378" elapsed="0.000387"/>
</kw>
<doc>Cadastrar usuário com nome com mais de 100 caracteres</doc>
<status status="PASS" start="2025-03-08T23:43:23.946758" elapsed="0.035422"/>
</test>
<test id="s1-t11" name="TC11 - Cadastrar usuário com espaço no e-mail" line="130">
<kw name="Cadastro manual de usuario">
<kw name="Create Dictionary" owner="BuiltIn">
<msg time="2025-03-08T23:43:23.985207" level="INFO">${body} = {'fullName': ' fullName=Isabella Oliveira', 'mail': ' isabela oliveira_0037fbf4-241a-4852-bdf1-19723cb0aab3@qacoders.com.br', 'accessProfile': 'ADMIN', 'cpf': ' 78599154719', 'password': '5qLPT$6vpPfj...</msg>
<var>${body}</var>
<arg>fullName= ${name}</arg>
<arg>mail= ${mail}</arg>
<arg>accessProfile=ADMIN</arg>
<arg>cpf= ${cpf}</arg>
<arg>password=${password}</arg>
<arg>confirmPassword=${confirmPassword}</arg>
<doc>Creates and returns a dictionary based on the given ``items``.</doc>
<status status="PASS" start="2025-03-08T23:43:23.984682" elapsed="0.000564"/>
</kw>
<kw name="POST On Session" owner="RequestsLibrary">
<msg time="2025-03-08T23:43:24.007706" level="INFO">POST Request : url=https://quality-eagles.qacoders.dev.br/api/user/?token=eyJhbGciOiJIUzI1NiIsInR5cCI6IkpXVCJ9.eyJfaWQiOiI2N2NhMzdhMzExZDVmZjc2Mjk2MjZmOTAiLCJmdWxsTmFtZSI6IkNhcm9saW5lIE5vdmFpcyIsIm1haWwiOiJjb3N0YWRhdmktbHVjY2FAZXhhbXBsZS5jb20iLCJwYXNzd29yZCI6IiQyYiQxMCRtTTdxWi9LeWxqMTZKM2I4T1hJaGl1bkttd0RGaFRWS1NzS21kV1I3bnVKSUVBWDRVMTJFcSIsImFjY2Vzc1Byb2ZpbGUiOiJBRE1JTiIsImNwZiI6IjQ1NzIxMzA5NjUyIiwic3RhdHVzIjp0cnVlLCJhdWRpdCI6W3sicmVnaXN0ZXJlZEJ5Ijp7InVzZXJJZCI6IjY2ZGI1ZTQwZTVhMDAxNTYzNGYxMzdlNiIsInVzZXJMb2dpbiI6InN5c2FkbWluQHFhY29kZXJzLmNvbSJ9LCJyZWdpc3RyYXRpb25EYXRlIjoicXVpbnRhLWZlaXJhLCAwNi8wMy8yMDI1LCAyMTowMjo0MyBCUlQiLCJyZWdpc3RyYXRpb25OdW1iZXIiOiJRYUNvZGVycy0yOTkwIiwiX2lkIjoiNjdjYTM3YTMxMWQ1ZmY3NjI5NjI2ZjkxIn1dLCJfX3YiOjAsImlhdCI6MTc0MTQ4ODE2MywiZXhwIjoxNzQxNTc0NTYzfQ.Rlx_Tzcqxb_UxsSWVaqwzRIFUw9TmKlBubnO4usdM2M 
 path_url=/api/user/?token=eyJhbGciOiJIUzI1NiIsInR5cCI6IkpXVCJ9.eyJfaWQiOiI2N2NhMzdhMzExZDVmZjc2Mjk2MjZmOTAiLCJmdWxsTmFtZSI6IkNhcm9saW5lIE5vdmFpcyIsIm1haWwiOiJjb3N0YWRhdmktbHVjY2FAZXhhbXBsZS5jb20iLCJwYXNzd29yZCI6IiQyYiQxMCRtTTdxWi9LeWxqMTZKM2I4T1hJaGl1bkttd0RGaFRWS1NzS21kV1I3bnVKSUVBWDRVMTJFcSIsImFjY2Vzc1Byb2ZpbGUiOiJBRE1JTiIsImNwZiI6IjQ1NzIxMzA5NjUyIiwic3RhdHVzIjp0cnVlLCJhdWRpdCI6W3sicmVnaXN0ZXJlZEJ5Ijp7InVzZXJJZCI6IjY2ZGI1ZTQwZTVhMDAxNTYzNGYxMzdlNiIsInVzZXJMb2dpbiI6InN5c2FkbWluQHFhY29kZXJzLmNvbSJ9LCJyZWdpc3RyYXRpb25EYXRlIjoicXVpbnRhLWZlaXJhLCAwNi8wMy8yMDI1LCAyMTowMjo0MyBCUlQiLCJyZWdpc3RyYXRpb25OdW1iZXIiOiJRYUNvZGVycy0yOTkwIiwiX2lkIjoiNjdjYTM3YTMxMWQ1ZmY3NjI5NjI2ZjkxIn1dLCJfX3YiOjAsImlhdCI6MTc0MTQ4ODE2MywiZXhwIjoxNzQxNTc0NTYzfQ.Rlx_Tzcqxb_UxsSWVaqwzRIFUw9TmKlBubnO4usdM2M 
 headers={'User-Agent': 'python-requests/2.32.3', 'Accept-Encoding': 'gzip, deflate', 'accept': 'application/json', 'Connection': 'keep-alive', 'Content-Type': 'application/json', 'Content-Length': '238'} 
 body=b'{"fullName": " fullName=Isabella Oliveira", "mail": " isabela oliveira_0037fbf4-241a-4852-bdf1-19723cb0aab3@qacoders.com.br", "accessProfile": "ADMIN", "cpf": " 78599154719", "password": "5qLPT$6vpPfj", "confirmPassword": " 5qLPT$6vpPfj"}' 
 </msg>
<msg time="2025-03-08T23:43:24.007827" level="INFO">POST Response : url=https://quality-eagles.qacoders.dev.br/api/user/?token=eyJhbGciOiJIUzI1NiIsInR5cCI6IkpXVCJ9.eyJfaWQiOiI2N2NhMzdhMzExZDVmZjc2Mjk2MjZmOTAiLCJmdWxsTmFtZSI6IkNhcm9saW5lIE5vdmFpcyIsIm1haWwiOiJjb3N0YWRhdmktbHVjY2FAZXhhbXBsZS5jb20iLCJwYXNzd29yZCI6IiQyYiQxMCRtTTdxWi9LeWxqMTZKM2I4T1hJaGl1bkttd0RGaFRWS1NzS21kV1I3bnVKSUVBWDRVMTJFcSIsImFjY2Vzc1Byb2ZpbGUiOiJBRE1JTiIsImNwZiI6IjQ1NzIxMzA5NjUyIiwic3RhdHVzIjp0cnVlLCJhdWRpdCI6W3sicmVnaXN0ZXJlZEJ5Ijp7InVzZXJJZCI6IjY2ZGI1ZTQwZTVhMDAxNTYzNGYxMzdlNiIsInVzZXJMb2dpbiI6InN5c2FkbWluQHFhY29kZXJzLmNvbSJ9LCJyZWdpc3RyYXRpb25EYXRlIjoicXVpbnRhLWZlaXJhLCAwNi8wMy8yMDI1LCAyMTowMjo0MyBCUlQiLCJyZWdpc3RyYXRpb25OdW1iZXIiOiJRYUNvZGVycy0yOTkwIiwiX2lkIjoiNjdjYTM3YTMxMWQ1ZmY3NjI5NjI2ZjkxIn1dLCJfX3YiOjAsImlhdCI6MTc0MTQ4ODE2MywiZXhwIjoxNzQxNTc0NTYzfQ.Rlx_Tzcqxb_UxsSWVaqwzRIFUw9TmKlBubnO4usdM2M 
 status=400, reason=Bad Request 
 headers={'Server': 'nginx/1.18.0 (Ubuntu)', 'Date': 'Sun, 09 Mar 2025 02:42:44 GMT', 'Content-Type': 'application/json; charset=utf-8', 'Content-Length': '256', 'Connection': 'keep-alive', 'X-Powered-By': 'Express', 'Access-Control-Allow-Origin': '*', 'ETag': 'W/"100-uusitc9YuZB76meUDSVyBiKaJKk"'} 
 body={"error":["Informe o nome e sobrenome com as iniciais em letra maiúscula e sem caracteres especiais.","O e-mail informado é inválido. Informe um e-mail no formato [nome@domínio.com].","Deve preencher o CPF com 11 dígitos","As senhas não coincidem."]} 
 </msg>
<msg time="2025-03-08T23:43:24.007991" level="INFO">${response} = &lt;Response [400]&gt;</msg>
<var>${response}</var>
<arg>alias=quality-eagles</arg>
<arg>url=/${USER}/?token=${TOKEN_USER}</arg>
<arg>json=${body}</arg>
<arg>expected_status=400</arg>
<doc>Sends a POST request on a previously created HTTP Session.</doc>
<status status="PASS" start="2025-03-08T23:43:23.985413" elapsed="0.022619"/>
</kw>
<return>
<value>${response}</value>
<status status="PASS" start="2025-03-08T23:43:24.008144" elapsed="0.000052"/>
</return>
<msg time="2025-03-08T23:43:24.008380" level="INFO">${response} = &lt;Response [400]&gt;</msg>
<var>${response}</var>
<arg>fullName=Isabella Oliveira</arg>
<arg>mail=isabela oliveira_0037fbf4-241a-4852-bdf1-19723cb0aab3@qacoders.com.br</arg>
<arg>cpf=78599154719</arg>
<arg>password=5qLPT$6vpPfj</arg>
<arg>confirmPassword= 5qLPT$6vpPfj</arg>
<doc>Criar um usuário com dados manuais</doc>
<status status="PASS" start="2025-03-08T23:43:23.984206" elapsed="0.024208"/>
</kw>
<kw name="Status Should Be" owner="RequestsLibrary">
<arg>400</arg>
<arg>${response}</arg>
<doc>Fails if response status code is different than the expected.</doc>
<status status="PASS" start="2025-03-08T23:43:24.008852" elapsed="0.000260"/>
</kw>
<doc>Cadastrar usuário com espaço entre o nome e sobrenome no e-mail</doc>
<status status="PASS" start="2025-03-08T23:43:23.983538" elapsed="0.025856"/>
</test>
<test id="s1-t12" name="TC12 - Cadastrar usuário com senha inválida" line="141">
<kw name="Cadastro manual de usuario">
<kw name="Create Dictionary" owner="BuiltIn">
<msg time="2025-03-08T23:43:24.012787" level="INFO">${body} = {'fullName': ' fullName=Isabella Oliveira', 'mail': ' isabela oliveira_0037fbf4-241a-4852-bdf1-19723cb0aab3@qacoders.com.br', 'accessProfile': 'ADMIN', 'cpf': ' 78599154719', 'password': '5qLPT6vpPfj'...</msg>
<var>${body}</var>
<arg>fullName= ${name}</arg>
<arg>mail= ${mail}</arg>
<arg>accessProfile=ADMIN</arg>
<arg>cpf= ${cpf}</arg>
<arg>password=${password}</arg>
<arg>confirmPassword=${confirmPassword}</arg>
<doc>Creates and returns a dictionary based on the given ``items``.</doc>
<status status="PASS" start="2025-03-08T23:43:24.012261" elapsed="0.000567"/>
</kw>
<kw name="POST On Session" owner="RequestsLibrary">
<msg time="2025-03-08T23:43:24.036000" level="INFO">POST Request : url=https://quality-eagles.qacoders.dev.br/api/user/?token=eyJhbGciOiJIUzI1NiIsInR5cCI6IkpXVCJ9.eyJfaWQiOiI2N2NhMzdhMzExZDVmZjc2Mjk2MjZmOTAiLCJmdWxsTmFtZSI6IkNhcm9saW5lIE5vdmFpcyIsIm1haWwiOiJjb3N0YWRhdmktbHVjY2FAZXhhbXBsZS5jb20iLCJwYXNzd29yZCI6IiQyYiQxMCRtTTdxWi9LeWxqMTZKM2I4T1hJaGl1bkttd0RGaFRWS1NzS21kV1I3bnVKSUVBWDRVMTJFcSIsImFjY2Vzc1Byb2ZpbGUiOiJBRE1JTiIsImNwZiI6IjQ1NzIxMzA5NjUyIiwic3RhdHVzIjp0cnVlLCJhdWRpdCI6W3sicmVnaXN0ZXJlZEJ5Ijp7InVzZXJJZCI6IjY2ZGI1ZTQwZTVhMDAxNTYzNGYxMzdlNiIsInVzZXJMb2dpbiI6InN5c2FkbWluQHFhY29kZXJzLmNvbSJ9LCJyZWdpc3RyYXRpb25EYXRlIjoicXVpbnRhLWZlaXJhLCAwNi8wMy8yMDI1LCAyMTowMjo0MyBCUlQiLCJyZWdpc3RyYXRpb25OdW1iZXIiOiJRYUNvZGVycy0yOTkwIiwiX2lkIjoiNjdjYTM3YTMxMWQ1ZmY3NjI5NjI2ZjkxIn1dLCJfX3YiOjAsImlhdCI6MTc0MTQ4ODE2MywiZXhwIjoxNzQxNTc0NTYzfQ.Rlx_Tzcqxb_UxsSWVaqwzRIFUw9TmKlBubnO4usdM2M 
 path_url=/api/user/?token=eyJhbGciOiJIUzI1NiIsInR5cCI6IkpXVCJ9.eyJfaWQiOiI2N2NhMzdhMzExZDVmZjc2Mjk2MjZmOTAiLCJmdWxsTmFtZSI6IkNhcm9saW5lIE5vdmFpcyIsIm1haWwiOiJjb3N0YWRhdmktbHVjY2FAZXhhbXBsZS5jb20iLCJwYXNzd29yZCI6IiQyYiQxMCRtTTdxWi9LeWxqMTZKM2I4T1hJaGl1bkttd0RGaFRWS1NzS21kV1I3bnVKSUVBWDRVMTJFcSIsImFjY2Vzc1Byb2ZpbGUiOiJBRE1JTiIsImNwZiI6IjQ1NzIxMzA5NjUyIiwic3RhdHVzIjp0cnVlLCJhdWRpdCI6W3sicmVnaXN0ZXJlZEJ5Ijp7InVzZXJJZCI6IjY2ZGI1ZTQwZTVhMDAxNTYzNGYxMzdlNiIsInVzZXJMb2dpbiI6InN5c2FkbWluQHFhY29kZXJzLmNvbSJ9LCJyZWdpc3RyYXRpb25EYXRlIjoicXVpbnRhLWZlaXJhLCAwNi8wMy8yMDI1LCAyMTowMjo0MyBCUlQiLCJyZWdpc3RyYXRpb25OdW1iZXIiOiJRYUNvZGVycy0yOTkwIiwiX2lkIjoiNjdjYTM3YTMxMWQ1ZmY3NjI5NjI2ZjkxIn1dLCJfX3YiOjAsImlhdCI6MTc0MTQ4ODE2MywiZXhwIjoxNzQxNTc0NTYzfQ.Rlx_Tzcqxb_UxsSWVaqwzRIFUw9TmKlBubnO4usdM2M 
 headers={'User-Agent': 'python-requests/2.32.3', 'Accept-Encoding': 'gzip, deflate', 'accept': 'application/json', 'Connection': 'keep-alive', 'Content-Type': 'application/json', 'Content-Length': '236'} 
 body=b'{"fullName": " fullName=Isabella Oliveira", "mail": " isabela oliveira_0037fbf4-241a-4852-bdf1-19723cb0aab3@qacoders.com.br", "accessProfile": "ADMIN", "cpf": " 78599154719", "password": "5qLPT6vpPfj", "confirmPassword": " 5qLPT6vpPfj"}' 
 </msg>
<msg time="2025-03-08T23:43:24.036125" level="INFO">POST Response : url=https://quality-eagles.qacoders.dev.br/api/user/?token=eyJhbGciOiJIUzI1NiIsInR5cCI6IkpXVCJ9.eyJfaWQiOiI2N2NhMzdhMzExZDVmZjc2Mjk2MjZmOTAiLCJmdWxsTmFtZSI6IkNhcm9saW5lIE5vdmFpcyIsIm1haWwiOiJjb3N0YWRhdmktbHVjY2FAZXhhbXBsZS5jb20iLCJwYXNzd29yZCI6IiQyYiQxMCRtTTdxWi9LeWxqMTZKM2I4T1hJaGl1bkttd0RGaFRWS1NzS21kV1I3bnVKSUVBWDRVMTJFcSIsImFjY2Vzc1Byb2ZpbGUiOiJBRE1JTiIsImNwZiI6IjQ1NzIxMzA5NjUyIiwic3RhdHVzIjp0cnVlLCJhdWRpdCI6W3sicmVnaXN0ZXJlZEJ5Ijp7InVzZXJJZCI6IjY2ZGI1ZTQwZTVhMDAxNTYzNGYxMzdlNiIsInVzZXJMb2dpbiI6InN5c2FkbWluQHFhY29kZXJzLmNvbSJ9LCJyZWdpc3RyYXRpb25EYXRlIjoicXVpbnRhLWZlaXJhLCAwNi8wMy8yMDI1LCAyMTowMjo0MyBCUlQiLCJyZWdpc3RyYXRpb25OdW1iZXIiOiJRYUNvZGVycy0yOTkwIiwiX2lkIjoiNjdjYTM3YTMxMWQ1ZmY3NjI5NjI2ZjkxIn1dLCJfX3YiOjAsImlhdCI6MTc0MTQ4ODE2MywiZXhwIjoxNzQxNTc0NTYzfQ.Rlx_Tzcqxb_UxsSWVaqwzRIFUw9TmKlBubnO4usdM2M 
 status=400, reason=Bad Request 
 headers={'Server': 'nginx/1.18.0 (Ubuntu)', 'Date': 'Sun, 09 Mar 2025 02:42:44 GMT', 'Content-Type': 'application/json; charset=utf-8', 'Content-Length': '383', 'Connection': 'keep-alive', 'X-Powered-By': 'Express', 'Access-Control-Allow-Origin': '*', 'ETag': 'W/"17f-RxO6hISUUV2c2/KBmQhgFCcPZpI"'} 
 body={"error":["Informe o nome e sobrenome com as iniciais em letra maiúscula e sem caracteres especiais.","O e-mail informado é inválido. Informe um e-mail no formato [nome@domínio.com].","Senha precisa ter: uma letra maiúscula, uma letra minúscula, um número, um caractere especial(@#$%) e tamanho entre 8-12.","Deve preencher o CPF com 11 dígitos","As senhas não coincidem."]} 
 </msg>
<msg time="2025-03-08T23:43:24.036298" level="INFO">${response} = &lt;Response [400]&gt;</msg>
<var>${response}</var>
<arg>alias=quality-eagles</arg>
<arg>url=/${USER}/?token=${TOKEN_USER}</arg>
<arg>json=${body}</arg>
<arg>expected_status=400</arg>
<doc>Sends a POST request on a previously created HTTP Session.</doc>
<status status="PASS" start="2025-03-08T23:43:24.013127" elapsed="0.023210"/>
</kw>
<return>
<value>${response}</value>
<status status="PASS" start="2025-03-08T23:43:24.036446" elapsed="0.000052"/>
</return>
<msg time="2025-03-08T23:43:24.036687" level="INFO">${response} = &lt;Response [400]&gt;</msg>
<var>${response}</var>
<arg>fullName=Isabella Oliveira</arg>
<arg>mail=isabela oliveira_0037fbf4-241a-4852-bdf1-19723cb0aab3@qacoders.com.br</arg>
<arg>cpf=78599154719</arg>
<arg>password=5qLPT6vpPfj</arg>
<arg>confirmPassword= 5qLPT6vpPfj</arg>
<doc>Criar um usuário com dados manuais</doc>
<status status="PASS" start="2025-03-08T23:43:24.011762" elapsed="0.024960"/>
</kw>
<kw name="Status Should Be" owner="RequestsLibrary">
<arg>400</arg>
<arg>${response}</arg>
<doc>Fails if response status code is different than the expected.</doc>
<status status="PASS" start="2025-03-08T23:43:24.037108" elapsed="0.000242"/>
</kw>
<doc>Cadastrar usuário com um e-mail inválido</doc>
<status status="PASS" start="2025-03-08T23:43:24.011098" elapsed="0.026503"/>
</test>
<test id="s1-t13" name="TC13 - Cadastrar usuário com e-mail inválido" line="153">
<kw name="Cadastro manual de usuario">
<kw name="Create Dictionary" owner="BuiltIn">
<msg time="2025-03-08T23:43:24.039959" level="INFO">${body} = {'fullName': ' fullName=Isabella Oliveira', 'mail': ' isabelaoliveira_0037fbf4-241a-4852-bdf1-19723cb0aab3@qacoders', 'accessProfile': 'ADMIN', 'cpf': ' 78599154719', 'password': '5qLPT$6vpPfj', 'conf...</msg>
<var>${body}</var>
<arg>fullName= ${name}</arg>
<arg>mail= ${mail}</arg>
<arg>accessProfile=ADMIN</arg>
<arg>cpf= ${cpf}</arg>
<arg>password=${password}</arg>
<arg>confirmPassword=${confirmPassword}</arg>
<doc>Creates and returns a dictionary based on the given ``items``.</doc>
<status status="PASS" start="2025-03-08T23:43:24.039445" elapsed="0.000552"/>
</kw>
<kw name="POST On Session" owner="RequestsLibrary">
<msg time="2025-03-08T23:43:24.062345" level="INFO">POST Request : url=https://quality-eagles.qacoders.dev.br/api/user/?token=eyJhbGciOiJIUzI1NiIsInR5cCI6IkpXVCJ9.eyJfaWQiOiI2N2NhMzdhMzExZDVmZjc2Mjk2MjZmOTAiLCJmdWxsTmFtZSI6IkNhcm9saW5lIE5vdmFpcyIsIm1haWwiOiJjb3N0YWRhdmktbHVjY2FAZXhhbXBsZS5jb20iLCJwYXNzd29yZCI6IiQyYiQxMCRtTTdxWi9LeWxqMTZKM2I4T1hJaGl1bkttd0RGaFRWS1NzS21kV1I3bnVKSUVBWDRVMTJFcSIsImFjY2Vzc1Byb2ZpbGUiOiJBRE1JTiIsImNwZiI6IjQ1NzIxMzA5NjUyIiwic3RhdHVzIjp0cnVlLCJhdWRpdCI6W3sicmVnaXN0ZXJlZEJ5Ijp7InVzZXJJZCI6IjY2ZGI1ZTQwZTVhMDAxNTYzNGYxMzdlNiIsInVzZXJMb2dpbiI6InN5c2FkbWluQHFhY29kZXJzLmNvbSJ9LCJyZWdpc3RyYXRpb25EYXRlIjoicXVpbnRhLWZlaXJhLCAwNi8wMy8yMDI1LCAyMTowMjo0MyBCUlQiLCJyZWdpc3RyYXRpb25OdW1iZXIiOiJRYUNvZGVycy0yOTkwIiwiX2lkIjoiNjdjYTM3YTMxMWQ1ZmY3NjI5NjI2ZjkxIn1dLCJfX3YiOjAsImlhdCI6MTc0MTQ4ODE2MywiZXhwIjoxNzQxNTc0NTYzfQ.Rlx_Tzcqxb_UxsSWVaqwzRIFUw9TmKlBubnO4usdM2M 
 path_url=/api/user/?token=eyJhbGciOiJIUzI1NiIsInR5cCI6IkpXVCJ9.eyJfaWQiOiI2N2NhMzdhMzExZDVmZjc2Mjk2MjZmOTAiLCJmdWxsTmFtZSI6IkNhcm9saW5lIE5vdmFpcyIsIm1haWwiOiJjb3N0YWRhdmktbHVjY2FAZXhhbXBsZS5jb20iLCJwYXNzd29yZCI6IiQyYiQxMCRtTTdxWi9LeWxqMTZKM2I4T1hJaGl1bkttd0RGaFRWS1NzS21kV1I3bnVKSUVBWDRVMTJFcSIsImFjY2Vzc1Byb2ZpbGUiOiJBRE1JTiIsImNwZiI6IjQ1NzIxMzA5NjUyIiwic3RhdHVzIjp0cnVlLCJhdWRpdCI6W3sicmVnaXN0ZXJlZEJ5Ijp7InVzZXJJZCI6IjY2ZGI1ZTQwZTVhMDAxNTYzNGYxMzdlNiIsInVzZXJMb2dpbiI6InN5c2FkbWluQHFhY29kZXJzLmNvbSJ9LCJyZWdpc3RyYXRpb25EYXRlIjoicXVpbnRhLWZlaXJhLCAwNi8wMy8yMDI1LCAyMTowMjo0MyBCUlQiLCJyZWdpc3RyYXRpb25OdW1iZXIiOiJRYUNvZGVycy0yOTkwIiwiX2lkIjoiNjdjYTM3YTMxMWQ1ZmY3NjI5NjI2ZjkxIn1dLCJfX3YiOjAsImlhdCI6MTc0MTQ4ODE2MywiZXhwIjoxNzQxNTc0NTYzfQ.Rlx_Tzcqxb_UxsSWVaqwzRIFUw9TmKlBubnO4usdM2M 
 headers={'User-Agent': 'python-requests/2.32.3', 'Accept-Encoding': 'gzip, deflate', 'accept': 'application/json', 'Connection': 'keep-alive', 'Content-Type': 'application/json', 'Content-Length': '230'} 
 body=b'{"fullName": " fullName=Isabella Oliveira", "mail": " isabelaoliveira_0037fbf4-241a-4852-bdf1-19723cb0aab3@qacoders", "accessProfile": "ADMIN", "cpf": " 78599154719", "password": "5qLPT$6vpPfj", "confirmPassword": " 5qLPT$6vpPfj"}' 
 </msg>
<msg time="2025-03-08T23:43:24.062546" level="INFO">POST Response : url=https://quality-eagles.qacoders.dev.br/api/user/?token=eyJhbGciOiJIUzI1NiIsInR5cCI6IkpXVCJ9.eyJfaWQiOiI2N2NhMzdhMzExZDVmZjc2Mjk2MjZmOTAiLCJmdWxsTmFtZSI6IkNhcm9saW5lIE5vdmFpcyIsIm1haWwiOiJjb3N0YWRhdmktbHVjY2FAZXhhbXBsZS5jb20iLCJwYXNzd29yZCI6IiQyYiQxMCRtTTdxWi9LeWxqMTZKM2I4T1hJaGl1bkttd0RGaFRWS1NzS21kV1I3bnVKSUVBWDRVMTJFcSIsImFjY2Vzc1Byb2ZpbGUiOiJBRE1JTiIsImNwZiI6IjQ1NzIxMzA5NjUyIiwic3RhdHVzIjp0cnVlLCJhdWRpdCI6W3sicmVnaXN0ZXJlZEJ5Ijp7InVzZXJJZCI6IjY2ZGI1ZTQwZTVhMDAxNTYzNGYxMzdlNiIsInVzZXJMb2dpbiI6InN5c2FkbWluQHFhY29kZXJzLmNvbSJ9LCJyZWdpc3RyYXRpb25EYXRlIjoicXVpbnRhLWZlaXJhLCAwNi8wMy8yMDI1LCAyMTowMjo0MyBCUlQiLCJyZWdpc3RyYXRpb25OdW1iZXIiOiJRYUNvZGVycy0yOTkwIiwiX2lkIjoiNjdjYTM3YTMxMWQ1ZmY3NjI5NjI2ZjkxIn1dLCJfX3YiOjAsImlhdCI6MTc0MTQ4ODE2MywiZXhwIjoxNzQxNTc0NTYzfQ.Rlx_Tzcqxb_UxsSWVaqwzRIFUw9TmKlBubnO4usdM2M 
 status=400, reason=Bad Request 
 headers={'Server': 'nginx/1.18.0 (Ubuntu)', 'Date': 'Sun, 09 Mar 2025 02:42:44 GMT', 'Content-Type': 'application/json; charset=utf-8', 'Content-Length': '256', 'Connection': 'keep-alive', 'X-Powered-By': 'Express', 'Access-Control-Allow-Origin': '*', 'ETag': 'W/"100-uusitc9YuZB76meUDSVyBiKaJKk"'} 
 body={"error":["Informe o nome e sobrenome com as iniciais em letra maiúscula e sem caracteres especiais.","O e-mail informado é inválido. Informe um e-mail no formato [nome@domínio.com].","Deve preencher o CPF com 11 dígitos","As senhas não coincidem."]} 
 </msg>
<msg time="2025-03-08T23:43:24.062722" level="INFO">${response} = &lt;Response [400]&gt;</msg>
<var>${response}</var>
<arg>alias=quality-eagles</arg>
<arg>url=/${USER}/?token=${TOKEN_USER}</arg>
<arg>json=${body}</arg>
<arg>expected_status=400</arg>
<doc>Sends a POST request on a previously created HTTP Session.</doc>
<status status="PASS" start="2025-03-08T23:43:24.040161" elapsed="0.022600"/>
</kw>
<return>
<value>${response}</value>
<status status="PASS" start="2025-03-08T23:43:24.062869" elapsed="0.000049"/>
</return>
<msg time="2025-03-08T23:43:24.063103" level="INFO">${response} = &lt;Response [400]&gt;</msg>
<var>${response}</var>
<arg>fullName=Isabella Oliveira</arg>
<arg>mail=isabelaoliveira_0037fbf4-241a-4852-bdf1-19723cb0aab3@qacoders</arg>
<arg>cpf=78599154719</arg>
<arg>password=5qLPT$6vpPfj</arg>
<arg>confirmPassword= 5qLPT$6vpPfj</arg>
<doc>Criar um usuário com dados manuais</doc>
<status status="PASS" start="2025-03-08T23:43:24.039010" elapsed="0.024127"/>
</kw>
<kw name="Status Should Be" owner="RequestsLibrary">
<arg>400</arg>
<arg>${response}</arg>
<doc>Fails if response status code is different than the expected.</doc>
<status status="PASS" start="2025-03-08T23:43:24.063506" elapsed="0.000245"/>
</kw>
<doc>Cadastrar usuário com um e-mail inválido</doc>
<status status="PASS" start="2025-03-08T23:43:24.038453" elapsed="0.025585"/>
</test>
<test id="s1-t14" name="TC14 - Cadastrar usuário com CPF em branco" line="165">
<kw name="Cadastro manual de usuario">
<kw name="Create Dictionary" owner="BuiltIn">
<msg time="2025-03-08T23:43:24.068705" level="INFO">${body} = {'fullName': ' fullName=Isabella Oliveira', 'mail': ' isabela oliveira_0037fbf4-241a-4852-bdf1-19723cb0aab3@qacoders.com.br', 'accessProfile': 'ADMIN', 'cpf': ' ', 'password': '5qLPT$6vpPfj', 'confirm...</msg>
<var>${body}</var>
<arg>fullName= ${name}</arg>
<arg>mail= ${mail}</arg>
<arg>accessProfile=ADMIN</arg>
<arg>cpf= ${cpf}</arg>
<arg>password=${password}</arg>
<arg>confirmPassword=${confirmPassword}</arg>
<doc>Creates and returns a dictionary based on the given ``items``.</doc>
<status status="PASS" start="2025-03-08T23:43:24.068144" elapsed="0.000604"/>
</kw>
<kw name="POST On Session" owner="RequestsLibrary">
<msg time="2025-03-08T23:43:24.092430" level="INFO">POST Request : url=https://quality-eagles.qacoders.dev.br/api/user/?token=eyJhbGciOiJIUzI1NiIsInR5cCI6IkpXVCJ9.eyJfaWQiOiI2N2NhMzdhMzExZDVmZjc2Mjk2MjZmOTAiLCJmdWxsTmFtZSI6IkNhcm9saW5lIE5vdmFpcyIsIm1haWwiOiJjb3N0YWRhdmktbHVjY2FAZXhhbXBsZS5jb20iLCJwYXNzd29yZCI6IiQyYiQxMCRtTTdxWi9LeWxqMTZKM2I4T1hJaGl1bkttd0RGaFRWS1NzS21kV1I3bnVKSUVBWDRVMTJFcSIsImFjY2Vzc1Byb2ZpbGUiOiJBRE1JTiIsImNwZiI6IjQ1NzIxMzA5NjUyIiwic3RhdHVzIjp0cnVlLCJhdWRpdCI6W3sicmVnaXN0ZXJlZEJ5Ijp7InVzZXJJZCI6IjY2ZGI1ZTQwZTVhMDAxNTYzNGYxMzdlNiIsInVzZXJMb2dpbiI6InN5c2FkbWluQHFhY29kZXJzLmNvbSJ9LCJyZWdpc3RyYXRpb25EYXRlIjoicXVpbnRhLWZlaXJhLCAwNi8wMy8yMDI1LCAyMTowMjo0MyBCUlQiLCJyZWdpc3RyYXRpb25OdW1iZXIiOiJRYUNvZGVycy0yOTkwIiwiX2lkIjoiNjdjYTM3YTMxMWQ1ZmY3NjI5NjI2ZjkxIn1dLCJfX3YiOjAsImlhdCI6MTc0MTQ4ODE2MywiZXhwIjoxNzQxNTc0NTYzfQ.Rlx_Tzcqxb_UxsSWVaqwzRIFUw9TmKlBubnO4usdM2M 
 path_url=/api/user/?token=eyJhbGciOiJIUzI1NiIsInR5cCI6IkpXVCJ9.eyJfaWQiOiI2N2NhMzdhMzExZDVmZjc2Mjk2MjZmOTAiLCJmdWxsTmFtZSI6IkNhcm9saW5lIE5vdmFpcyIsIm1haWwiOiJjb3N0YWRhdmktbHVjY2FAZXhhbXBsZS5jb20iLCJwYXNzd29yZCI6IiQyYiQxMCRtTTdxWi9LeWxqMTZKM2I4T1hJaGl1bkttd0RGaFRWS1NzS21kV1I3bnVKSUVBWDRVMTJFcSIsImFjY2Vzc1Byb2ZpbGUiOiJBRE1JTiIsImNwZiI6IjQ1NzIxMzA5NjUyIiwic3RhdHVzIjp0cnVlLCJhdWRpdCI6W3sicmVnaXN0ZXJlZEJ5Ijp7InVzZXJJZCI6IjY2ZGI1ZTQwZTVhMDAxNTYzNGYxMzdlNiIsInVzZXJMb2dpbiI6InN5c2FkbWluQHFhY29kZXJzLmNvbSJ9LCJyZWdpc3RyYXRpb25EYXRlIjoicXVpbnRhLWZlaXJhLCAwNi8wMy8yMDI1LCAyMTowMjo0MyBCUlQiLCJyZWdpc3RyYXRpb25OdW1iZXIiOiJRYUNvZGVycy0yOTkwIiwiX2lkIjoiNjdjYTM3YTMxMWQ1ZmY3NjI5NjI2ZjkxIn1dLCJfX3YiOjAsImlhdCI6MTc0MTQ4ODE2MywiZXhwIjoxNzQxNTc0NTYzfQ.Rlx_Tzcqxb_UxsSWVaqwzRIFUw9TmKlBubnO4usdM2M 
 headers={'User-Agent': 'python-requests/2.32.3', 'Accept-Encoding': 'gzip, deflate', 'accept': 'application/json', 'Connection': 'keep-alive', 'Content-Type': 'application/json', 'Content-Length': '227'} 
 body=b'{"fullName": " fullName=Isabella Oliveira", "mail": " isabela oliveira_0037fbf4-241a-4852-bdf1-19723cb0aab3@qacoders.com.br", "accessProfile": "ADMIN", "cpf": " ", "password": "5qLPT$6vpPfj", "confirmPassword": " 5qLPT$6vpPfj"}' 
 </msg>
<msg time="2025-03-08T23:43:24.092571" level="INFO">POST Response : url=https://quality-eagles.qacoders.dev.br/api/user/?token=eyJhbGciOiJIUzI1NiIsInR5cCI6IkpXVCJ9.eyJfaWQiOiI2N2NhMzdhMzExZDVmZjc2Mjk2MjZmOTAiLCJmdWxsTmFtZSI6IkNhcm9saW5lIE5vdmFpcyIsIm1haWwiOiJjb3N0YWRhdmktbHVjY2FAZXhhbXBsZS5jb20iLCJwYXNzd29yZCI6IiQyYiQxMCRtTTdxWi9LeWxqMTZKM2I4T1hJaGl1bkttd0RGaFRWS1NzS21kV1I3bnVKSUVBWDRVMTJFcSIsImFjY2Vzc1Byb2ZpbGUiOiJBRE1JTiIsImNwZiI6IjQ1NzIxMzA5NjUyIiwic3RhdHVzIjp0cnVlLCJhdWRpdCI6W3sicmVnaXN0ZXJlZEJ5Ijp7InVzZXJJZCI6IjY2ZGI1ZTQwZTVhMDAxNTYzNGYxMzdlNiIsInVzZXJMb2dpbiI6InN5c2FkbWluQHFhY29kZXJzLmNvbSJ9LCJyZWdpc3RyYXRpb25EYXRlIjoicXVpbnRhLWZlaXJhLCAwNi8wMy8yMDI1LCAyMTowMjo0MyBCUlQiLCJyZWdpc3RyYXRpb25OdW1iZXIiOiJRYUNvZGVycy0yOTkwIiwiX2lkIjoiNjdjYTM3YTMxMWQ1ZmY3NjI5NjI2ZjkxIn1dLCJfX3YiOjAsImlhdCI6MTc0MTQ4ODE2MywiZXhwIjoxNzQxNTc0NTYzfQ.Rlx_Tzcqxb_UxsSWVaqwzRIFUw9TmKlBubnO4usdM2M 
 status=400, reason=Bad Request 
 headers={'Server': 'nginx/1.18.0 (Ubuntu)', 'Date': 'Sun, 09 Mar 2025 02:42:44 GMT', 'Content-Type': 'application/json; charset=utf-8', 'Content-Length': '256', 'Connection': 'keep-alive', 'X-Powered-By': 'Express', 'Access-Control-Allow-Origin': '*', 'ETag': 'W/"100-uusitc9YuZB76meUDSVyBiKaJKk"'} 
 body={"error":["Informe o nome e sobrenome com as iniciais em letra maiúscula e sem caracteres especiais.","O e-mail informado é inválido. Informe um e-mail no formato [nome@domínio.com].","Deve preencher o CPF com 11 dígitos","As senhas não coincidem."]} 
 </msg>
<msg time="2025-03-08T23:43:24.092770" level="INFO">${response} = &lt;Response [400]&gt;</msg>
<var>${response}</var>
<arg>alias=quality-eagles</arg>
<arg>url=/${USER}/?token=${TOKEN_USER}</arg>
<arg>json=${body}</arg>
<arg>expected_status=400</arg>
<doc>Sends a POST request on a previously created HTTP Session.</doc>
<status status="PASS" start="2025-03-08T23:43:24.068923" elapsed="0.023887"/>
</kw>
<return>
<value>${response}</value>
<status status="PASS" start="2025-03-08T23:43:24.092930" elapsed="0.000059"/>
</return>
<msg time="2025-03-08T23:43:24.093183" level="INFO">${response} = &lt;Response [400]&gt;</msg>
<var>${response}</var>
<arg>fullName=Isabella Oliveira</arg>
<arg>mail=isabela oliveira_0037fbf4-241a-4852-bdf1-19723cb0aab3@qacoders.com.br</arg>
<arg>cpf=</arg>
<arg>password=5qLPT$6vpPfj</arg>
<arg>confirmPassword= 5qLPT$6vpPfj</arg>
<doc>Criar um usuário com dados manuais</doc>
<status status="PASS" start="2025-03-08T23:43:24.067651" elapsed="0.025567"/>
</kw>
<kw name="Status Should Be" owner="RequestsLibrary">
<arg>400</arg>
<arg>${response}</arg>
<doc>Fails if response status code is different than the expected.</doc>
<status status="PASS" start="2025-03-08T23:43:24.093752" elapsed="0.000305"/>
</kw>
<doc>Cadastrar usuário com o CPF em branco</doc>
<status status="PASS" start="2025-03-08T23:43:24.066913" elapsed="0.027470"/>
</test>
<test id="s1-t15" name="TC15 - Exclusão de usuário com sucesso" line="176">
<kw name="Cadastro Sucesso">
<kw name="Get Fake Person" owner="get_fake_person">
<msg time="2025-03-08T23:43:24.096589" level="INFO">${person} = {'name': 'Sra Laura das Neves', 'email': 'stella51@example.com', 'cpf': '90217854630'}</msg>
<var>${person}</var>
<doc>Gera dados de pessoa fictícia com formatação adequada.</doc>
<status status="PASS" start="2025-03-08T23:43:24.096223" elapsed="0.000406"/>
</kw>
<kw name="Criar usuario">
<kw name="Create Dictionary" owner="BuiltIn">
<msg time="2025-03-08T23:43:24.097418" level="INFO">${headers} = {'accept': 'application/json', 'Content-Type': 'application/json'}</msg>
<var>${headers}</var>
<arg>accept=application/json</arg>
<arg>Content-Type=application/json</arg>
<doc>Creates and returns a dictionary based on the given ``items``.</doc>
<status status="PASS" start="2025-03-08T23:43:24.097175" elapsed="0.000281"/>
</kw>
<kw name="Create Dictionary" owner="BuiltIn">
<msg time="2025-03-08T23:43:24.098091" level="INFO">${body} = {'fullName': 'Sra Laura das Neves', 'mail': 'stella51@example.com', 'password': 'B6Dc#4d@SM6U', 'accessProfile': 'ADMIN', 'cpf': '90217854630', 'confirmPassword': 'B6Dc#4d@SM6U'}</msg>
<var>${body}</var>
<arg>fullName=${person}[name]</arg>
<arg>mail=${person}[email]</arg>
<arg>password=B6Dc#4d@SM6U</arg>
<arg>accessProfile=ADMIN</arg>
<arg>cpf=${person}[cpf]</arg>
<arg>confirmPassword=B6Dc#4d@SM6U</arg>
<doc>Creates and returns a dictionary based on the given ``items``.</doc>
<status status="PASS" start="2025-03-08T23:43:24.097624" elapsed="0.000506"/>
</kw>
<kw name="POST On Session" owner="RequestsLibrary">
[...]
 path_url=/api/company?token=eyJhbGciOiJIUzI1NiIsInR5cCI6IkpXVCJ9.eyJfaWQiOiI2N2NhMzdhMzExZDVmZjc2Mjk2MjZmOTAiLCJmdWxsTmFtZSI6IkNhcm9saW5lIE5vdmFpcyIsIm1haWwiOiJjb3N0YWRhdmktbHVjY2FAZXhhbXBsZS5jb20iLCJwYXNzd29yZCI6IiQyYiQxMCRtTTdxWi9LeWxqMTZKM2I4T1hJaGl1bkttd0RGaFRWS1NzS21kV1I3bnVKSUVBWDRVMTJFcSIsImFjY2Vzc1Byb2ZpbGUiOiJBRE1JTiIsImNwZiI6IjQ1NzIxMzA5NjUyIiwic3RhdHVzIjp0cnVlLCJhdWRpdCI6W3sicmVnaXN0ZXJlZEJ5Ijp7InVzZXJJZCI6IjY2ZGI1ZTQwZTVhMDAxNTYzNGYxMzdlNiIsInVzZXJMb2dpbiI6InN5c2FkbWluQHFhY29kZXJzLmNvbSJ9LCJyZWdpc3RyYXRpb25EYXRlIjoicXVpbnRhLWZlaXJhLCAwNi8wMy8yMDI1LCAyMTowMjo0MyBCUlQiLCJyZWdpc3RyYXRpb25OdW1iZXIiOiJRYUNvZGVycy0yOTkwIiwiX2lkIjoiNjdjYTM3YTMxMWQ1ZmY3NjI5NjI2ZjkxIn1dLCJfX3YiOjAsImlhdCI6MTc0MTQ4ODE2MywiZXhwIjoxNzQxNTc0NTYzfQ.Rlx_Tzcqxb_UxsSWVaqwzRIFUw9TmKlBubnO4usdM2M 
 headers={'User-Agent': 'python-requests/2.32.3', 'Accept-Encoding': 'gzip, deflate', 'accept': 'application/json', 'Connection': 'keep-alive', 'Content-Type': 'application/json', 'Content-Length': '452'} 
 body=b'{"corporateName": "Ferreira", "registerCompany": "49186275000150", "mail": "fogacaluigi@example.org", "matriz": "Teste", "responsibleContact": "Guilherme Magalhaes", "telephone": "62877232459394", "serviceDescription": "Testes", "address": [{"zipCode": "04777001", "city": "S\\u00e3o Paulo", "state": "SP", "district": "Bom Jardim", "street": "Avenida Interlagos", "number": "50", "complement": "de 4503 ao fim - lado \\u00edmpar", "country": "Brasil"}]}' 
 </msg>
<msg time="2025-03-08T23:43:30.868671" level="INFO">POST Response : url=https://quality-eagles.qacoders.dev.br/api/company?token=eyJhbGciOiJIUzI1NiIsInR5cCI6IkpXVCJ9.eyJfaWQiOiI2N2NhMzdhMzExZDVmZjc2Mjk2MjZmOTAiLCJmdWxsTmFtZSI6IkNhcm9saW5lIE5vdmFpcyIsIm1haWwiOiJjb3N0YWRhdmktbHVjY2FAZXhhbXBsZS5jb20iLCJwYXNzd29yZCI6IiQyYiQxMCRtTTdxWi9LeWxqMTZKM2I4T1hJaGl1bkttd0RGaFRWS1NzS21kV1I3bnVKSUVBWDRVMTJFcSIsImFjY2Vzc1Byb2ZpbGUiOiJBRE1JTiIsImNwZiI6IjQ1NzIxMzA5NjUyIiwic3RhdHVzIjp0cnVlLCJhdWRpdCI6W3sicmVnaXN0ZXJlZEJ5Ijp7InVzZXJJZCI6IjY2ZGI1ZTQwZTVhMDAxNTYzNGYxMzdlNiIsInVzZXJMb2dpbiI6InN5c2FkbWluQHFhY29kZXJzLmNvbSJ9LCJyZWdpc3RyYXRpb25EYXRlIjoicXVpbnRhLWZlaXJhLCAwNi8wMy8yMDI1LCAyMTowMjo0MyBCUlQiLCJyZWdpc3RyYXRpb25OdW1iZXIiOiJRYUNvZGVycy0yOTkwIiwiX2lkIjoiNjdjYTM3YTMxMWQ1ZmY3NjI5NjI2ZjkxIn1dLCJfX3YiOjAsImlhdCI6MTc0MTQ4ODE2MywiZXhwIjoxNzQxNTc0NTYzfQ.Rlx_Tzcqxb_UxsSWVaqwzRIFUw9TmKlBubnO4usdM2M 
 status=201, reason=Created 
 headers={'Server': 'nginx/1.18.0 (Ubuntu)', 'Date': 'Sun, 09 Mar 2025 02:42:51 GMT', 'Content-Type': 'application/json; charset=utf-8', 'Content-Length': '770', 'Connection': 'keep-alive', 'X-Powered-By': 'Express', 'Access-Control-Allow-Origin': '*', 'ETag': 'W/"302-QyQ3DSGEPrL3jc23HnMl3Lqn/48"'} 
 body={"msg":"Olá a companhia true foi cadastrada com sucesso.","newCompany":{"corporateName":"Ferreira","registerCompany":"49186275000150","responsibleContact":"Guilherme Magalhaes","mail":"fogacaluigi@example.org","telephone":"62877232459394","serviceDescription":"Testes","matriz":"Teste","status":true,"address":[{"country":"Brasil","zipCode":"04777001","city":"São Paulo","state":"SP","district":"Bom Jardim","street":"Avenida Interlagos","number":"50","complement":"de 4503 ao fim - lado ímpar","_id":"67cd002b11d5ff7629b21005"}],"audit":[{"registrationDate":"sábado, 08/03/2025, 23:42:51 BRT","registeredBy":{"userId":"67ca37a311d5ff7629626f90","userLogin":"costadavi-lucca@example.com"},"_id":"67cd002b11d5ff7629b21006"}],"_id":"67cd002b11d5ff7629b21004","__v":0}} 
 </msg>
<msg time="2025-03-08T23:43:30.868845" level="INFO">${response} = &lt;Response [201]&gt;</msg>
<var>${response}</var>
<arg>alias=quality-eagles</arg>
<arg>url=/${COMPANY}?token=${TOKEN_USER}</arg>
<arg>json=${body}</arg>
<arg>expected_status=201</arg>
<doc>Sends a POST request on a previously created HTTP Session.</doc>
<status status="PASS" start="2025-03-08T23:43:30.835085" elapsed="0.033798"/>
</kw>
<return>
<value>${response}</value>
<status status="PASS" start="2025-03-08T23:43:30.868989" elapsed="0.000047"/>
</return>
<msg time="2025-03-08T23:43:30.869217" level="INFO">${id_company} = &lt;Response [201]&gt;</msg>
<var>${id_company}</var>
<arg>${company_fake}</arg>
<doc>Criar uma empresa com dados aleatórios</doc>
<status status="PASS" start="2025-03-08T23:43:30.832780" elapsed="0.036471"/>
</kw>
<return>
<value>${id_company}</value>
<status status="PASS" start="2025-03-08T23:43:30.869320" elapsed="0.000034"/>
</return>
<msg time="2025-03-08T23:43:30.869515" level="INFO">${response} = &lt;Response [201]&gt;</msg>
<var>${response}</var>
<status status="PASS" start="2025-03-08T23:43:30.831745" elapsed="0.037942"/>
</kw>
<kw name="Set Variable" owner="BuiltIn">
<msg time="2025-03-08T23:43:30.870886" level="INFO">${company_id} = 67cd002b11d5ff7629b21004</msg>
<var>${company_id}</var>
<arg>${response.json()["newCompany"]["_id"]}</arg>
<doc>Returns the given values which can then be assigned to a variables.</doc>
<status status="PASS" start="2025-03-08T23:43:30.870021" elapsed="0.000901"/>
</kw>
<kw name="Atualizar status da empresa">
<kw name="Create Dictionary" owner="BuiltIn">
<msg time="2025-03-08T23:43:30.871875" level="INFO">${headers} = {'accept': 'application/json', 'Content-Type': 'application/json'}</msg>
<var>${headers}</var>
<arg>accept=application/json</arg>
<arg>Content-Type=application/json</arg>
<doc>Creates and returns a dictionary based on the given ``items``.</doc>
<status status="PASS" start="2025-03-08T23:43:30.871658" elapsed="0.000252"/>
</kw>
<kw name="Create Dictionary" owner="BuiltIn">
<msg time="2025-03-08T23:43:30.872303" level="INFO">${body} = {'status': 'true'}</msg>
<var>${body}</var>
<arg>status=${status}</arg>
<doc>Creates and returns a dictionary based on the given ``items``.</doc>
<status status="PASS" start="2025-03-08T23:43:30.872058" elapsed="0.000278"/>
</kw>
<kw name="PUT On Session" owner="RequestsLibrary">
<msg time="2025-03-08T23:43:30.910896" level="INFO">PUT Request : url=https://quality-eagles.qacoders.dev.br/api/company/status/67cd002b11d5ff7629b21004?token=eyJhbGciOiJIUzI1NiIsInR5cCI6IkpXVCJ9.eyJfaWQiOiI2N2NhMzdhMzExZDVmZjc2Mjk2MjZmOTAiLCJmdWxsTmFtZSI6IkNhcm9saW5lIE5vdmFpcyIsIm1haWwiOiJjb3N0YWRhdmktbHVjY2FAZXhhbXBsZS5jb20iLCJwYXNzd29yZCI6IiQyYiQxMCRtTTdxWi9LeWxqMTZKM2I4T1hJaGl1bkttd0RGaFRWS1NzS21kV1I3bnVKSUVBWDRVMTJFcSIsImFjY2Vzc1Byb2ZpbGUiOiJBRE1JTiIsImNwZiI6IjQ1NzIxMzA5NjUyIiwic3RhdHVzIjp0cnVlLCJhdWRpdCI6W3sicmVnaXN0ZXJlZEJ5Ijp7InVzZXJJZCI6IjY2ZGI1ZTQwZTVhMDAxNTYzNGYxMzdlNiIsInVzZXJMb2dpbiI6InN5c2FkbWluQHFhY29kZXJzLmNvbSJ9LCJyZWdpc3RyYXRpb25EYXRlIjoicXVpbnRhLWZlaXJhLCAwNi8wMy8yMDI1LCAyMTowMjo0MyBCUlQiLCJyZWdpc3RyYXRpb25OdW1iZXIiOiJRYUNvZGVycy0yOTkwIiwiX2lkIjoiNjdjYTM3YTMxMWQ1ZmY3NjI5NjI2ZjkxIn1dLCJfX3YiOjAsImlhdCI6MTc0MTQ4ODE2MywiZXhwIjoxNzQxNTc0NTYzfQ.Rlx_Tzcqxb_UxsSWVaqwzRIFUw9TmKlBubnO4usdM2M 
 path_url=/api/company/status/67cd002b11d5ff7629b21004?token=eyJhbGciOiJIUzI1NiIsInR5cCI6IkpXVCJ9.eyJfaWQiOiI2N2NhMzdhMzExZDVmZjc2Mjk2MjZmOTAiLCJmdWxsTmFtZSI6IkNhcm9saW5lIE5vdmFpcyIsIm1haWwiOiJjb3N0YWRhdmktbHVjY2FAZXhhbXBsZS5jb20iLCJwYXNzd29yZCI6IiQyYiQxMCRtTTdxWi9LeWxqMTZKM2I4T1hJaGl1bkttd0RGaFRWS1NzS21kV1I3bnVKSUVBWDRVMTJFcSIsImFjY2Vzc1Byb2ZpbGUiOiJBRE1JTiIsImNwZiI6IjQ1NzIxMzA5NjUyIiwic3RhdHVzIjp0cnVlLCJhdWRpdCI6W3sicmVnaXN0ZXJlZEJ5Ijp7InVzZXJJZCI6IjY2ZGI1ZTQwZTVhMDAxNTYzNGYxMzdlNiIsInVzZXJMb2dpbiI6InN5c2FkbWluQHFhY29kZXJzLmNvbSJ9LCJyZWdpc3RyYXRpb25EYXRlIjoicXVpbnRhLWZlaXJhLCAwNi8wMy8yMDI1LCAyMTowMjo0MyBCUlQiLCJyZWdpc3RyYXRpb25OdW1iZXIiOiJRYUNvZGVycy0yOTkwIiwiX2lkIjoiNjdjYTM3YTMxMWQ1ZmY3NjI5NjI2ZjkxIn1dLCJfX3YiOjAsImlhdCI6MTc0MTQ4ODE2MywiZXhwIjoxNzQxNTc0NTYzfQ.Rlx_Tzcqxb_UxsSWVaqwzRIFUw9TmKlBubnO4usdM2M 
 headers={'User-Agent': 'python-requests/2.32.3', 'Accept-Encoding': 'gzip, deflate', 'accept': 'application/json', 'Connection': 'keep-alive', 'Content-Type': 'application/json', 'Content-Length': '18'} 
 body=b'{"status": "true"}' 
 </msg>
<msg time="2025-03-08T23:43:30.911047" level="INFO">PUT Response : url=https://quality-eagles.qacoders.dev.br/api/company/status/67cd002b11d5ff7629b21004?token=eyJhbGciOiJIUzI1NiIsInR5cCI6IkpXVCJ9.eyJfaWQiOiI2N2NhMzdhMzExZDVmZjc2Mjk2MjZmOTAiLCJmdWxsTmFtZSI6IkNhcm9saW5lIE5vdmFpcyIsIm1haWwiOiJjb3N0YWRhdmktbHVjY2FAZXhhbXBsZS5jb20iLCJwYXNzd29yZCI6IiQyYiQxMCRtTTdxWi9LeWxqMTZKM2I4T1hJaGl1bkttd0RGaFRWS1NzS21kV1I3bnVKSUVBWDRVMTJFcSIsImFjY2Vzc1Byb2ZpbGUiOiJBRE1JTiIsImNwZiI6IjQ1NzIxMzA5NjUyIiwic3RhdHVzIjp0cnVlLCJhdWRpdCI6W3sicmVnaXN0ZXJlZEJ5Ijp7InVzZXJJZCI6IjY2ZGI1ZTQwZTVhMDAxNTYzNGYxMzdlNiIsInVzZXJMb2dpbiI6InN5c2FkbWluQHFhY29kZXJzLmNvbSJ9LCJyZWdpc3RyYXRpb25EYXRlIjoicXVpbnRhLWZlaXJhLCAwNi8wMy8yMDI1LCAyMTowMjo0MyBCUlQiLCJyZWdpc3RyYXRpb25OdW1iZXIiOiJRYUNvZGVycy0yOTkwIiwiX2lkIjoiNjdjYTM3YTMxMWQ1ZmY3NjI5NjI2ZjkxIn1dLCJfX3YiOjAsImlhdCI6MTc0MTQ4ODE2MywiZXhwIjoxNzQxNTc0NTYzfQ.Rlx_Tzcqxb_UxsSWVaqwzRIFUw9TmKlBubnO4usdM2M 
 status=201, reason=Created 
 headers={'Server': 'nginx/1.18.0 (Ubuntu)', 'Date': 'Sun, 09 Mar 2025 02:42:51 GMT', 'Content-Type': 'application/json; charset=utf-8', 'Content-Length': '767', 'Connection': 'keep-alive', 'X-Powered-By': 'Express', 'Access-Control-Allow-Origin': '*', 'ETag': 'W/"2ff-1FW/a2DIXl0JOEckjdHd0ANu0c4"'} 
 body={"msg":"Status da companhia atualizado com sucesso.","updateCompany":{"_id":"67cd002b11d5ff7629b21004","corporateName":"Ferreira","registerCompany":"49186275000150","responsibleContact":"Guilherme Magalhaes","mail":"fogacaluigi@example.org","telephone":"62877232459394","serviceDescription":"Testes","matriz":"Teste","status":true,"address":[{"country":"Brasil","zipCode":"04777001","city":"São Paulo","state":"SP","district":"Bom Jardim","street":"Avenida Interlagos","number":"50","complement":"de 4503 ao fim - lado ímpar","_id":"67cd002b11d5ff7629b21005"}],"audit":[{"registeredBy":{"userId":"67ca37a311d5ff7629626f90","userLogin":"costadavi-lucca@example.com"},"registrationDate":"sábado, 08/03/2025, 23:42:51 BRT","_id":"67cd002b11d5ff7629b21006"}],"__v":0}} 
 </msg>
<msg time="2025-03-08T23:43:30.911227" level="INFO">${response} = &lt;Response [201]&gt;</msg>
<var>${response}</var>
<arg>alias=quality-eagles</arg>
<arg>url=/${COMPANY_STATUS}/${company_id}?token=${TOKEN_USER}</arg>
<arg>json=${body}</arg>
<arg>headers=${headers}</arg>
<doc>Sends a PUT request on a previously created HTTP Session.</doc>
<status status="PASS" start="2025-03-08T23:43:30.872494" elapsed="0.038772"/>
</kw>
<return>
<value>${response.json()}</value>
<status status="PASS" start="2025-03-08T23:43:30.911377" elapsed="0.000051"/>
</return>
<msg time="2025-03-08T23:43:30.912322" level="INFO">${response} = {'msg': 'Status da companhia atualizado com sucesso.', 'updateCompany': {'_id': '67cd002b11d5ff7629b21004', 'corporateName': 'Ferreira', 'registerCompany': '49186275000150', 'responsibleContact': 'Gui...</msg>
<var>${response}</var>
<arg>company_id=${company_id}</arg>
<arg>status=true</arg>
<status status="PASS" start="2025-03-08T23:43:30.871242" elapsed="0.041124"/>
</kw>
<kw name="Should Be Equal" owner="BuiltIn">
<arg>${response['msg']}</arg>
<arg>Status da companhia atualizado com sucesso.</arg>
<doc>Fails if the given objects are unequal.</doc>
<status status="PASS" start="2025-03-08T23:43:30.912753" elapsed="0.000869"/>
</kw>
<doc>Atualizar o status para true utilizando o id do usuário</doc>
<status status="PASS" start="2025-03-08T23:43:30.829900" elapsed="0.083993"/>
</test>
<test id="s1-t56" name="TC55 - Atualização de status por id com id inválido" line="605">
<kw name="Create Dictionary" owner="BuiltIn">
<msg time="2025-03-08T23:43:30.916696" level="INFO">${headers} = {'accept': 'application/json', 'Content-Type': 'application/json'}</msg>
<var>${headers}</var>
<arg>accept=application/json</arg>
<arg>Content-Type=application/json</arg>
<doc>Creates and returns a dictionary based on the given ``items``.</doc>
<status status="PASS" start="2025-03-08T23:43:30.916425" elapsed="0.000311"/>
</kw>
<kw name="Create Dictionary" owner="BuiltIn">
<msg time="2025-03-08T23:43:30.917193" level="INFO">${body} = {'status': 'true'}</msg>
<var>${body}</var>
<arg>status=true</arg>
<doc>Creates and returns a dictionary based on the given ``items``.</doc>
<status status="PASS" start="2025-03-08T23:43:30.917006" elapsed="0.000221"/>
</kw>
<kw name="PUT On Session" owner="RequestsLibrary">
<msg time="2025-03-08T23:43:30.937728" level="INFO">PUT Request : url=https://quality-eagles.qacoders.dev.br/api/company/status/67ccdaf911d5ff7629a82v47?token=eyJhbGciOiJIUzI1NiIsInR5cCI6IkpXVCJ9.eyJfaWQiOiI2N2NhMzdhMzExZDVmZjc2Mjk2MjZmOTAiLCJmdWxsTmFtZSI6IkNhcm9saW5lIE5vdmFpcyIsIm1haWwiOiJjb3N0YWRhdmktbHVjY2FAZXhhbXBsZS5jb20iLCJwYXNzd29yZCI6IiQyYiQxMCRtTTdxWi9LeWxqMTZKM2I4T1hJaGl1bkttd0RGaFRWS1NzS21kV1I3bnVKSUVBWDRVMTJFcSIsImFjY2Vzc1Byb2ZpbGUiOiJBRE1JTiIsImNwZiI6IjQ1NzIxMzA5NjUyIiwic3RhdHVzIjp0cnVlLCJhdWRpdCI6W3sicmVnaXN0ZXJlZEJ5Ijp7InVzZXJJZCI6IjY2ZGI1ZTQwZTVhMDAxNTYzNGYxMzdlNiIsInVzZXJMb2dpbiI6InN5c2FkbWluQHFhY29kZXJzLmNvbSJ9LCJyZWdpc3RyYXRpb25EYXRlIjoicXVpbnRhLWZlaXJhLCAwNi8wMy8yMDI1LCAyMTowMjo0MyBCUlQiLCJyZWdpc3RyYXRpb25OdW1iZXIiOiJRYUNvZGVycy0yOTkwIiwiX2lkIjoiNjdjYTM3YTMxMWQ1ZmY3NjI5NjI2ZjkxIn1dLCJfX3YiOjAsImlhdCI6MTc0MTQ4ODE2MywiZXhwIjoxNzQxNTc0NTYzfQ.Rlx_Tzcqxb_UxsSWVaqwzRIFUw9TmKlBubnO4usdM2M 
 path_url=/api/company/status/67ccdaf911d5ff7629a82v47?token=eyJhbGciOiJIUzI1NiIsInR5cCI6IkpXVCJ9.eyJfaWQiOiI2N2NhMzdhMzExZDVmZjc2Mjk2MjZmOTAiLCJmdWxsTmFtZSI6IkNhcm9saW5lIE5vdmFpcyIsIm1haWwiOiJjb3N0YWRhdmktbHVjY2FAZXhhbXBsZS5jb20iLCJwYXNzd29yZCI6IiQyYiQxMCRtTTdxWi9LeWxqMTZKM2I4T1hJaGl1bkttd0RGaFRWS1NzS21kV1I3bnVKSUVBWDRVMTJFcSIsImFjY2Vzc1Byb2ZpbGUiOiJBRE1JTiIsImNwZiI6IjQ1NzIxMzA5NjUyIiwic3RhdHVzIjp0cnVlLCJhdWRpdCI6W3sicmVnaXN0ZXJlZEJ5Ijp7InVzZXJJZCI6IjY2ZGI1ZTQwZTVhMDAxNTYzNGYxMzdlNiIsInVzZXJMb2dpbiI6InN5c2FkbWluQHFhY29kZXJzLmNvbSJ9LCJyZWdpc3RyYXRpb25EYXRlIjoicXVpbnRhLWZlaXJhLCAwNi8wMy8yMDI1LCAyMTowMjo0MyBCUlQiLCJyZWdpc3RyYXRpb25OdW1iZXIiOiJRYUNvZGVycy0yOTkwIiwiX2lkIjoiNjdjYTM3YTMxMWQ1ZmY3NjI5NjI2ZjkxIn1dLCJfX3YiOjAsImlhdCI6MTc0MTQ4ODE2MywiZXhwIjoxNzQxNTc0NTYzfQ.Rlx_Tzcqxb_UxsSWVaqwzRIFUw9TmKlBubnO4usdM2M 
 headers={'User-Agent': 'python-requests/2.32.3', 'Accept-Encoding': 'gzip, deflate', 'accept': 'application/json', 'Connection': 'keep-alive', 'Content-Type': 'application/json', 'Content-Length': '18'} 
 body=b'{"status": "true"}' 
 </msg>
<msg time="2025-03-08T23:43:30.938004" level="INFO">PUT Response : url=https://quality-eagles.qacoders.dev.br/api/company/status/67ccdaf911d5ff7629a82v47?token=eyJhbGciOiJIUzI1NiIsInR5cCI6IkpXVCJ9.eyJfaWQiOiI2N2NhMzdhMzExZDVmZjc2Mjk2MjZmOTAiLCJmdWxsTmFtZSI6IkNhcm9saW5lIE5vdmFpcyIsIm1haWwiOiJjb3N0YWRhdmktbHVjY2FAZXhhbXBsZS5jb20iLCJwYXNzd29yZCI6IiQyYiQxMCRtTTdxWi9LeWxqMTZKM2I4T1hJaGl1bkttd0RGaFRWS1NzS21kV1I3bnVKSUVBWDRVMTJFcSIsImFjY2Vzc1Byb2ZpbGUiOiJBRE1JTiIsImNwZiI6IjQ1NzIxMzA5NjUyIiwic3RhdHVzIjp0cnVlLCJhdWRpdCI6W3sicmVnaXN0ZXJlZEJ5Ijp7InVzZXJJZCI6IjY2ZGI1ZTQwZTVhMDAxNTYzNGYxMzdlNiIsInVzZXJMb2dpbiI6InN5c2FkbWluQHFhY29kZXJzLmNvbSJ9LCJyZWdpc3RyYXRpb25EYXRlIjoicXVpbnRhLWZlaXJhLCAwNi8wMy8yMDI1LCAyMTowMjo0MyBCUlQiLCJyZWdpc3RyYXRpb25OdW1iZXIiOiJRYUNvZGVycy0yOTkwIiwiX2lkIjoiNjdjYTM3YTMxMWQ1ZmY3NjI5NjI2ZjkxIn1dLCJfX3YiOjAsImlhdCI6MTc0MTQ4ODE2MywiZXhwIjoxNzQxNTc0NTYzfQ.Rlx_Tzcqxb_UxsSWVaqwzRIFUw9TmKlBubnO4usdM2M 
 status=500, reason=Internal Server Error 
 headers={'Server': 'nginx/1.18.0 (Ubuntu)', 'Date': 'Sun, 09 Mar 2025 02:42:51 GMT', 'Content-Type': 'application/json; charset=utf-8', 'Content-Length': '137', 'Connection': 'keep-alive', 'X-Powered-By': 'Express', 'Access-Control-Allow-Origin': '*', 'ETag': 'W/"89-Tm0WrDDtM+auT6gERC1J+oEBFfw"'} 
 body={"error":"CastError: Cast to ObjectId failed for value \"67ccdaf911d5ff7629a82v47\" (type string) at path \"_id\" for model \"Company\""} 
 </msg>
<msg time="2025-03-08T23:43:30.938167" level="INFO">${response} = &lt;Response [500]&gt;</msg>
<var>${response}</var>
<arg>alias=quality-eagles</arg>
<arg>url=/${COMPANY_STATUS}/${INVALID_COMPANY_ID}?token=${TOKEN_USER}</arg>
<arg>json=${body}</arg>
<arg>headers=${headers}</arg>
<arg>expected_status=any</arg>
<doc>Sends a PUT request on a previously created HTTP Session.</doc>
<status status="PASS" start="2025-03-08T23:43:30.917560" elapsed="0.020644"/>
</kw>
<doc>Validar acesso negado à atualizção de status da empresa com ID inválido</doc>
<status status="PASS" start="2025-03-08T23:43:30.915694" elapsed="0.022848"/>
</test>
<test id="s1-t57" name="TC56 - Atualização de status por id com token em branco" line="623">
<kw name="Create Dictionary" owner="BuiltIn">
<msg time="2025-03-08T23:43:30.940370" level="INFO">${headers} = {'accept': 'application/json', 'Content-Type': 'application/json'}</msg>
<var>${headers}</var>
<arg>accept=application/json</arg>
<arg>Content-Type=application/json</arg>
<doc>Creates and returns a dictionary based on the given ``items``.</doc>
<status status="PASS" start="2025-03-08T23:43:30.940100" elapsed="0.000310"/>
</kw>
<kw name="Create Dictionary" owner="BuiltIn">
<msg time="2025-03-08T23:43:30.940881" level="INFO">${body} = {'status': 'true'}</msg>
<var>${body}</var>
<arg>status=true</arg>
<doc>Creates and returns a dictionary based on the given ``items``.</doc>
<status status="PASS" start="2025-03-08T23:43:30.940689" elapsed="0.000225"/>
</kw>
<kw name="PUT On Session" owner="RequestsLibrary">
<msg time="2025-03-08T23:43:30.960458" level="INFO">PUT Request : url=https://quality-eagles.qacoders.dev.br/api/company/status/67ccdaf911d5ff7629a82d31?token=%22%22 
 path_url=/api/company/status/67ccdaf911d5ff7629a82d31?token=%22%22 
 headers={'User-Agent': 'python-requests/2.32.3', 'Accept-Encoding': 'gzip, deflate', 'accept': 'application/json', 'Connection': 'keep-alive', 'Content-Type': 'application/json', 'Content-Length': '18'} 
 body=b'{"status": "true"}' 
 </msg>
<msg time="2025-03-08T23:43:30.960571" level="INFO">PUT Response : url=https://quality-eagles.qacoders.dev.br/api/company/status/67ccdaf911d5ff7629a82d31?token=%22%22 
 status=403, reason=Forbidden 
 headers={'Server': 'nginx/1.18.0 (Ubuntu)', 'Date': 'Sun, 09 Mar 2025 02:42:51 GMT', 'Content-Type': 'application/json; charset=utf-8', 'Transfer-Encoding': 'chunked', 'Connection': 'keep-alive', 'X-Powered-By': 'Express', 'Access-Control-Allow-Origin': '*', 'ETag': 'W/"2c-xKef5yLjBxNw1obTC++VAJHdlUI"', 'Content-Encoding': 'gzip'} 
 body={"errors":["Failed to authenticate token."]} 
 </msg>
<msg time="2025-03-08T23:43:30.960722" level="INFO">${response} = &lt;Response [403]&gt;</msg>
<var>${response}</var>
<arg>alias=quality-eagles</arg>
<arg>url=/${COMPANY_STATUS}/${VALID_COMPANY_ID}?token=${TOKEN_BLANK}</arg>
<arg>json=${body}</arg>
<arg>headers=${headers}</arg>
<arg>expected_status=any</arg>
<doc>Sends a PUT request on a previously created HTTP Session.</doc>
<status status="PASS" start="2025-03-08T23:43:30.941162" elapsed="0.019595"/>
</kw>
<kw name="Status Should Be" owner="RequestsLibrary">
<arg>403</arg>
<doc>Fails if response status code is different than the expected.</doc>
<status status="PASS" start="2025-03-08T23:43:30.961161" elapsed="0.000191"/>
</kw>
<kw name="Should Be Equal" owner="BuiltIn">
<arg>${response.json()["errors"][0]}</arg>
<arg>Failed to authenticate token.</arg>
<doc>Fails if the given objects are unequal.</doc>
<status status="PASS" start="2025-03-08T23:43:30.961625" elapsed="0.000981"/>
</kw>
<doc>Validar acesso negado à atualizção de status da empresa com ID inválido</doc>
<status status="PASS" start="2025-03-08T23:43:30.939420" elapsed="0.023553"/>
</test>
<doc>Configurações iniciais do projeto</doc>
<status status="PASS" start="2025-03-08T23:43:18.717263" elapsed="12.247187"/>
</suite>
<statistics>
<total>
<stat pass="57" fail="0" skip="0">All Tests</stat>
</total>
<tag>
</tag>
<suite>
<stat pass="57" fail="0" skip="0" id="s1" name="Quality-Eagles Jamile">Quality-Eagles Jamile</stat>
</suite>
</statistics>
<errors>
</errors>
</robot>
